[   11073ms] [ERROR] WebSocket connection to 'ws://localhost:8000/video-edit/v2/agent/googleio%20copy/chat' failed: Error in connection establishment: net::ERR_CONNECTION_REFUSED @ http://localhost:3000/src/hooks/useAgentChat.ts?t=1773214820241:38
[   12079ms] [ERROR] WebSocket connection to 'ws://localhost:8000/video-edit/v2/agent/googleio%20copy/chat' failed: Error in connection establishment: net::ERR_CONNECTION_REFUSED @ http://localhost:3000/src/hooks/useAgentChat.ts?t=1773214820241:38
[   94947ms] [ERROR] WebSocket connection to 'ws://localhost:8000/video-edit/v2/agent/googleio%20copy/chat' failed: Error in connection establishment: net::ERR_CONNECTION_REFUSED @ http://localhost:3000/src/hooks/useAgentChat.ts?t=1773214820241:38
[   95951ms] [ERROR] WebSocket connection to 'ws://localhost:8000/video-edit/v2/agent/googleio%20copy/chat' failed: Error in connection establishment: net::ERR_CONNECTION_REFUSED @ http://localhost:3000/src/hooks/useAgentChat.ts?t=1773214820241:38
[ 1848501ms] [WARNING] WebSocket connection to 'ws://localhost:8000/video-edit/v2/agent/googleio%20copy/chat' failed: WebSocket is closed before the connection is established. @ http://localhost:3000/src/hooks/useAgentChat.ts?t=1773214820241:202
[ 2106679ms] [ERROR] WebSocket connection to 'ws://localhost:8000/video-edit/v2/agent/googleio%20copy/chat' failed: Error in connection establishment: net::ERR_CONNECTION_REFUSED @ http://localhost:3000/src/hooks/useAgentChat.ts?t=1773214820241:38
[ 2107681ms] [ERROR] WebSocket connection to 'ws://localhost:8000/video-edit/v2/agent/googleio%20copy/chat' failed: Error in connection establishment: net::ERR_CONNECTION_REFUSED @ http://localhost:3000/src/hooks/useAgentChat.ts?t=1773214820241:38
[ 2257414ms] [ERROR] WebSocket connection to 'ws://localhost:8000/video-edit/v2/agent/googleio%20copy/chat' failed:  @ http://localhost:3000/src/hooks/useAgentChat.ts?t=1773214820241:38
[ 2257414ms] [ERROR] WebSocket connection to 'ws://localhost:3000/?token=Twxc-J14sSQ_' failed:  @ http://localhost:3000/@vite/client:744
[ 2257554ms] [WARNING] WebSocket connection to 'ws://localhost:8000/video-edit/v2/agent/googleio%20copy/chat' failed: WebSocket is closed before the connection is established. @ http://localhost:3000/src/hooks/useAgentChat.ts?t=1773214820241:202
[ 2257562ms] [ERROR] Failed to load resource: the server responded with a status of 500 (Internal Server Error) @ http://localhost:3000/video-edit/v2/projects:0
[ 2257565ms] [ERROR] WebSocket connection to 'ws://localhost:8000/video-edit/v2/agent/googleio%20copy/chat' failed: Error in connection establishment: net::ERR_CONNECTION_REFUSED @ http://localhost:3000/src/hooks/useAgentChat.ts?t=1773214820241:38
[ 2257571ms] [ERROR] Failed to load resource: the server responded with a status of 500 (Internal Server Error) @ http://localhost:3000/video-edit/v2/projects:0
[ 2258070ms] [ERROR] WebSocket connection to 'ws://localhost:8000/video-edit/v2/agent/googleio%20copy/chat' failed: Error in connection establishment: net::ERR_CONNECTION_REFUSED @ http://localhost:3000/src/hooks/useAgentChat.ts?t=1773214820241:38
[ 2259073ms] [ERROR] WebSocket connection to 'ws://localhost:8000/video-edit/v2/agent/googleio%20copy/chat' failed: Error in connection establishment: net::ERR_CONNECTION_REFUSED @ http://localhost:3000/src/hooks/useAgentChat.ts?t=1773214820241:38
[ 2261078ms] [ERROR] WebSocket connection to 'ws://localhost:8000/video-edit/v2/agent/googleio%20copy/chat' failed: Error in connection establishment: net::ERR_CONNECTION_REFUSED @ http://localhost:3000/src/hooks/useAgentChat.ts?t=1773214820241:38
[ 2265082ms] [ERROR] WebSocket connection to 'ws://localhost:8000/video-edit/v2/agent/googleio%20copy/chat' failed: Error in connection establishment: net::ERR_CONNECTION_REFUSED @ http://localhost:3000/src/hooks/useAgentChat.ts?t=1773214820241:38
[ 2270088ms] [ERROR] WebSocket connection to 'ws://localhost:8000/video-edit/v2/agent/googleio%20copy/chat' failed: Error in connection establishment: net::ERR_CONNECTION_REFUSED @ http://localhost:3000/src/hooks/useAgentChat.ts?t=1773214820241:38
[ 2275093ms] [ERROR] WebSocket connection to 'ws://localhost:8000/video-edit/v2/agent/googleio%20copy/chat' failed: Error in connection establishment: net::ERR_CONNECTION_REFUSED @ http://localhost:3000/src/hooks/useAgentChat.ts?t=1773214820241:38
[ 2280097ms] [ERROR] WebSocket connection to 'ws://localhost:8000/video-edit/v2/agent/googleio%20copy/chat' failed: Error in connection establishment: net::ERR_CONNECTION_REFUSED @ http://localhost:3000/src/hooks/useAgentChat.ts?t=1773214820241:38
[ 2285101ms] [ERROR] WebSocket connection to 'ws://localhost:8000/video-edit/v2/agent/googleio%20copy/chat' failed: Error in connection establishment: net::ERR_CONNECTION_REFUSED @ http://localhost:3000/src/hooks/useAgentChat.ts?t=1773214820241:38
[ 2290105ms] [ERROR] WebSocket connection to 'ws://localhost:8000/video-edit/v2/agent/googleio%20copy/chat' failed: Error in connection establishment: net::ERR_CONNECTION_REFUSED @ http://localhost:3000/src/hooks/useAgentChat.ts?t=1773214820241:38
[ 2295112ms] [ERROR] WebSocket connection to 'ws://localhost:8000/video-edit/v2/agent/googleio%20copy/chat' failed: Error in connection establishment: net::ERR_CONNECTION_REFUSED @ http://localhost:3000/src/hooks/useAgentChat.ts?t=1773214820241:38
[ 2300120ms] [ERROR] WebSocket connection to 'ws://localhost:8000/video-edit/v2/agent/googleio%20copy/chat' failed: Error in connection establishment: net::ERR_CONNECTION_REFUSED @ http://localhost:3000/src/hooks/useAgentChat.ts?t=1773214820241:38
[ 2305125ms] [ERROR] WebSocket connection to 'ws://localhost:8000/video-edit/v2/agent/googleio%20copy/chat' failed: Error in connection establishment: net::ERR_CONNECTION_REFUSED @ http://localhost:3000/src/hooks/useAgentChat.ts?t=1773214820241:38
[ 2310134ms] [ERROR] WebSocket connection to 'ws://localhost:8000/video-edit/v2/agent/googleio%20copy/chat' failed: Error in connection establishment: net::ERR_CONNECTION_REFUSED @ http://localhost:3000/src/hooks/useAgentChat.ts?t=1773214820241:38
[ 2315146ms] [ERROR] WebSocket connection to 'ws://localhost:8000/video-edit/v2/agent/googleio%20copy/chat' failed: Error in connection establishment: net::ERR_CONNECTION_REFUSED @ http://localhost:3000/src/hooks/useAgentChat.ts?t=1773214820241:38
[ 2320157ms] [ERROR] WebSocket connection to 'ws://localhost:8000/video-edit/v2/agent/googleio%20copy/chat' failed: Error in connection establishment: net::ERR_CONNECTION_REFUSED @ http://localhost:3000/src/hooks/useAgentChat.ts?t=1773214820241:38
[ 2325166ms] [ERROR] WebSocket connection to 'ws://localhost:8000/video-edit/v2/agent/googleio%20copy/chat' failed: Error in connection establishment: net::ERR_CONNECTION_REFUSED @ http://localhost:3000/src/hooks/useAgentChat.ts?t=1773214820241:38
[ 2330177ms] [ERROR] WebSocket connection to 'ws://localhost:8000/video-edit/v2/agent/googleio%20copy/chat' failed: Error in connection establishment: net::ERR_CONNECTION_REFUSED @ http://localhost:3000/src/hooks/useAgentChat.ts?t=1773214820241:38
[ 2335194ms] [ERROR] WebSocket connection to 'ws://localhost:8000/video-edit/v2/agent/googleio%20copy/chat' failed: Error in connection establishment: net::ERR_CONNECTION_REFUSED @ http://localhost:3000/src/hooks/useAgentChat.ts?t=1773214820241:38
[ 2340207ms] [ERROR] WebSocket connection to 'ws://localhost:8000/video-edit/v2/agent/googleio%20copy/chat' failed: Error in connection establishment: net::ERR_CONNECTION_REFUSED @ http://localhost:3000/src/hooks/useAgentChat.ts?t=1773214820241:38
[ 2345223ms] [ERROR] WebSocket connection to 'ws://localhost:8000/video-edit/v2/agent/googleio%20copy/chat' failed: Error in connection establishment: net::ERR_CONNECTION_REFUSED @ http://localhost:3000/src/hooks/useAgentChat.ts?t=1773214820241:38
[ 2350252ms] [ERROR] WebSocket connection to 'ws://localhost:8000/video-edit/v2/agent/googleio%20copy/chat' failed: Error in connection establishment: net::ERR_CONNECTION_REFUSED @ http://localhost:3000/src/hooks/useAgentChat.ts?t=1773214820241:38
[ 2355277ms] [ERROR] WebSocket connection to 'ws://localhost:8000/video-edit/v2/agent/googleio%20copy/chat' failed: Error in connection establishment: net::ERR_CONNECTION_REFUSED @ http://localhost:3000/src/hooks/useAgentChat.ts?t=1773214820241:38
[ 2360314ms] [ERROR] WebSocket connection to 'ws://localhost:8000/video-edit/v2/agent/googleio%20copy/chat' failed: Error in connection establishment: net::ERR_CONNECTION_REFUSED @ http://localhost:3000/src/hooks/useAgentChat.ts?t=1773214820241:38
[ 2365340ms] [ERROR] WebSocket connection to 'ws://localhost:8000/video-edit/v2/agent/googleio%20copy/chat' failed: Error in connection establishment: net::ERR_CONNECTION_REFUSED @ http://localhost:3000/src/hooks/useAgentChat.ts?t=1773214820241:38
[ 2370374ms] [ERROR] WebSocket connection to 'ws://localhost:8000/video-edit/v2/agent/googleio%20copy/chat' failed: Error in connection establishment: net::ERR_CONNECTION_REFUSED @ http://localhost:3000/src/hooks/useAgentChat.ts?t=1773214820241:38
[ 2375436ms] [ERROR] WebSocket connection to 'ws://localhost:8000/video-edit/v2/agent/googleio%20copy/chat' failed: Error in connection establishment: net::ERR_CONNECTION_REFUSED @ http://localhost:3000/src/hooks/useAgentChat.ts?t=1773214820241:38
[ 2380518ms] [ERROR] WebSocket connection to 'ws://localhost:8000/video-edit/v2/agent/googleio%20copy/chat' failed: Error in connection establishment: net::ERR_CONNECTION_REFUSED @ http://localhost:3000/src/hooks/useAgentChat.ts?t=1773214820241:38
[ 2385547ms] [ERROR] WebSocket connection to 'ws://localhost:8000/video-edit/v2/agent/googleio%20copy/chat' failed: Error in connection establishment: net::ERR_CONNECTION_REFUSED @ http://localhost:3000/src/hooks/useAgentChat.ts?t=1773214820241:38
[ 2390694ms] [ERROR] WebSocket connection to 'ws://localhost:8000/video-edit/v2/agent/googleio%20copy/chat' failed: Error in connection establishment: net::ERR_CONNECTION_REFUSED @ http://localhost:3000/src/hooks/useAgentChat.ts?t=1773214820241:38
[ 2395794ms] [ERROR] WebSocket connection to 'ws://localhost:8000/video-edit/v2/agent/googleio%20copy/chat' failed: Error in connection establishment: net::ERR_CONNECTION_REFUSED @ http://localhost:3000/src/hooks/useAgentChat.ts?t=1773214820241:38
[ 2400924ms] [ERROR] WebSocket connection to 'ws://localhost:8000/video-edit/v2/agent/googleio%20copy/chat' failed: Error in connection establishment: net::ERR_CONNECTION_REFUSED @ http://localhost:3000/src/hooks/useAgentChat.ts?t=1773214820241:38
[ 2406225ms] [ERROR] WebSocket connection to 'ws://localhost:8000/video-edit/v2/agent/googleio%20copy/chat' failed: Error in connection establishment: net::ERR_CONNECTION_REFUSED @ http://localhost:3000/src/hooks/useAgentChat.ts?t=1773214820241:38
[ 2411357ms] [ERROR] WebSocket connection to 'ws://localhost:8000/video-edit/v2/agent/googleio%20copy/chat' failed: Error in connection establishment: net::ERR_CONNECTION_REFUSED @ http://localhost:3000/src/hooks/useAgentChat.ts?t=1773214820241:38
[ 2416551ms] [ERROR] WebSocket connection to 'ws://localhost:8000/video-edit/v2/agent/googleio%20copy/chat' failed: Error in connection establishment: net::ERR_CONNECTION_REFUSED @ http://localhost:3000/src/hooks/useAgentChat.ts?t=1773214820241:38
[ 2422099ms] [ERROR] WebSocket connection to 'ws://localhost:8000/video-edit/v2/agent/googleio%20copy/chat' failed: Error in connection establishment: net::ERR_CONNECTION_REFUSED @ http://localhost:3000/src/hooks/useAgentChat.ts?t=1773214820241:38
[ 2427453ms] [ERROR] WebSocket connection to 'ws://localhost:8000/video-edit/v2/agent/googleio%20copy/chat' failed: Error in connection establishment: net::ERR_CONNECTION_REFUSED @ http://localhost:3000/src/hooks/useAgentChat.ts?t=1773214820241:38
[ 2432842ms] [ERROR] WebSocket connection to 'ws://localhost:8000/video-edit/v2/agent/googleio%20copy/chat' failed: Error in connection establishment: net::ERR_CONNECTION_REFUSED @ http://localhost:3000/src/hooks/useAgentChat.ts?t=1773214820241:38
[ 2438399ms] [ERROR] WebSocket connection to 'ws://localhost:8000/video-edit/v2/agent/googleio%20copy/chat' failed: Error in connection establishment: net::ERR_CONNECTION_REFUSED @ http://localhost:3000/src/hooks/useAgentChat.ts?t=1773214820241:38
[ 2444509ms] [ERROR] WebSocket connection to 'ws://localhost:8000/video-edit/v2/agent/googleio%20copy/chat' failed: Error in connection establishment: net::ERR_CONNECTION_REFUSED @ http://localhost:3000/src/hooks/useAgentChat.ts?t=1773214820241:38
[ 2450267ms] [ERROR] WebSocket connection to 'ws://localhost:8000/video-edit/v2/agent/googleio%20copy/chat' failed: Error in connection establishment: net::ERR_CONNECTION_REFUSED @ http://localhost:3000/src/hooks/useAgentChat.ts?t=1773214820241:38
[ 2457110ms] [ERROR] WebSocket connection to 'ws://localhost:8000/video-edit/v2/agent/googleio%20copy/chat' failed: Error in connection establishment: net::ERR_CONNECTION_REFUSED @ http://localhost:3000/src/hooks/useAgentChat.ts?t=1773214820241:38
[ 2464348ms] [ERROR] WebSocket connection to 'ws://localhost:8000/video-edit/v2/agent/googleio%20copy/chat' failed: Error in connection establishment: net::ERR_CONNECTION_REFUSED @ http://localhost:3000/src/hooks/useAgentChat.ts?t=1773214820241:38
[ 2470278ms] [ERROR] WebSocket connection to 'ws://localhost:8000/video-edit/v2/agent/googleio%20copy/chat' failed: Error in connection establishment: net::ERR_CONNECTION_REFUSED @ http://localhost:3000/src/hooks/useAgentChat.ts?t=1773214820241:38
[ 2476390ms] [ERROR] WebSocket connection to 'ws://localhost:8000/video-edit/v2/agent/googleio%20copy/chat' failed: Error in connection establishment: net::ERR_CONNECTION_REFUSED @ http://localhost:3000/src/hooks/useAgentChat.ts?t=1773214820241:38
[ 2483564ms] [ERROR] WebSocket connection to 'ws://localhost:8000/video-edit/v2/agent/googleio%20copy/chat' failed: Error in connection establishment: net::ERR_CONNECTION_REFUSED @ http://localhost:3000/src/hooks/useAgentChat.ts?t=1773214820241:38
[ 2491446ms] [ERROR] WebSocket connection to 'ws://localhost:8000/video-edit/v2/agent/googleio%20copy/chat' failed: Error in connection establishment: net::ERR_CONNECTION_REFUSED @ http://localhost:3000/src/hooks/useAgentChat.ts?t=1773214820241:38
[ 2499119ms] [ERROR] WebSocket connection to 'ws://localhost:8000/video-edit/v2/agent/googleio%20copy/chat' failed: Error in connection establishment: net::ERR_CONNECTION_REFUSED @ http://localhost:3000/src/hooks/useAgentChat.ts?t=1773214820241:38
[ 2507592ms] [ERROR] WebSocket connection to 'ws://localhost:8000/video-edit/v2/agent/googleio%20copy/chat' failed: Error in connection establishment: net::ERR_CONNECTION_REFUSED @ http://localhost:3000/src/hooks/useAgentChat.ts?t=1773214820241:38
[ 2516230ms] [ERROR] WebSocket connection to 'ws://localhost:8000/video-edit/v2/agent/googleio%20copy/chat' failed: Error in connection establishment: net::ERR_CONNECTION_REFUSED @ http://localhost:3000/src/hooks/useAgentChat.ts?t=1773214820241:38
[ 2522742ms] [ERROR] WebSocket connection to 'ws://localhost:8000/video-edit/v2/agent/googleio%20copy/chat' failed: Error in connection establishment: net::ERR_CONNECTION_REFUSED @ http://localhost:3000/src/hooks/useAgentChat.ts?t=1773214820241:38
[ 2530477ms] [ERROR] WebSocket connection to 'ws://localhost:8000/video-edit/v2/agent/googleio%20copy/chat' failed: Error in connection establishment: net::ERR_CONNECTION_REFUSED @ http://localhost:3000/src/hooks/useAgentChat.ts?t=1773214820241:38
[ 2538253ms] [ERROR] WebSocket connection to 'ws://localhost:8000/video-edit/v2/agent/googleio%20copy/chat' failed: Error in connection establishment: net::ERR_CONNECTION_REFUSED @ http://localhost:3000/src/hooks/useAgentChat.ts?t=1773214820241:38
[ 2546653ms] [ERROR] WebSocket connection to 'ws://localhost:8000/video-edit/v2/agent/googleio%20copy/chat' failed: Error in connection establishment: net::ERR_CONNECTION_REFUSED @ http://localhost:3000/src/hooks/useAgentChat.ts?t=1773214820241:38
[ 2556237ms] [ERROR] WebSocket connection to 'ws://localhost:8000/video-edit/v2/agent/googleio%20copy/chat' failed: Error in connection establishment: net::ERR_CONNECTION_REFUSED @ http://localhost:3000/src/hooks/useAgentChat.ts?t=1773214820241:38
[ 2565926ms] [ERROR] WebSocket connection to 'ws://localhost:8000/video-edit/v2/agent/googleio%20copy/chat' failed: Error in connection establishment: net::ERR_CONNECTION_REFUSED @ http://localhost:3000/src/hooks/useAgentChat.ts?t=1773214820241:38
[ 2575509ms] [ERROR] WebSocket connection to 'ws://localhost:8000/video-edit/v2/agent/googleio%20copy/chat' failed: Error in connection establishment: net::ERR_CONNECTION_REFUSED @ http://localhost:3000/src/hooks/useAgentChat.ts?t=1773214820241:38
[ 2584263ms] [ERROR] WebSocket connection to 'ws://localhost:8000/video-edit/v2/agent/googleio%20copy/chat' failed: Error in connection establishment: net::ERR_CONNECTION_REFUSED @ http://localhost:3000/src/hooks/useAgentChat.ts?t=1773214820241:38
[ 2591102ms] [ERROR] WebSocket connection to 'ws://localhost:8000/video-edit/v2/agent/googleio%20copy/chat' failed: Error in connection establishment: net::ERR_CONNECTION_REFUSED @ http://localhost:3000/src/hooks/useAgentChat.ts?t=1773214820241:38
[ 2599074ms] [ERROR] WebSocket connection to 'ws://localhost:8000/video-edit/v2/agent/googleio%20copy/chat' failed: Error in connection establishment: net::ERR_CONNECTION_REFUSED @ http://localhost:3000/src/hooks/useAgentChat.ts?t=1773214820241:38
[ 2607991ms] [ERROR] WebSocket connection to 'ws://localhost:8000/video-edit/v2/agent/googleio%20copy/chat' failed: Error in connection establishment: net::ERR_CONNECTION_REFUSED @ http://localhost:3000/src/hooks/useAgentChat.ts?t=1773214820241:38
[ 2616045ms] [ERROR] WebSocket connection to 'ws://localhost:8000/video-edit/v2/agent/googleio%20copy/chat' failed: Error in connection establishment: net::ERR_CONNECTION_REFUSED @ http://localhost:3000/src/hooks/useAgentChat.ts?t=1773214820241:38
[ 2621052ms] [ERROR] WebSocket connection to 'ws://localhost:8000/video-edit/v2/agent/googleio%20copy/chat' failed: Error in connection establishment: net::ERR_CONNECTION_REFUSED @ http://localhost:3000/src/hooks/useAgentChat.ts?t=1773214820241:38
[ 2626057ms] [ERROR] WebSocket connection to 'ws://localhost:8000/video-edit/v2/agent/googleio%20copy/chat' failed: Error in connection establishment: net::ERR_CONNECTION_REFUSED @ http://localhost:3000/src/hooks/useAgentChat.ts?t=1773214820241:38
[ 2631062ms] [ERROR] WebSocket connection to 'ws://localhost:8000/video-edit/v2/agent/googleio%20copy/chat' failed: Error in connection establishment: net::ERR_CONNECTION_REFUSED @ http://localhost:3000/src/hooks/useAgentChat.ts?t=1773214820241:38
[ 2636071ms] [ERROR] WebSocket connection to 'ws://localhost:8000/video-edit/v2/agent/googleio%20copy/chat' failed: Error in connection establishment: net::ERR_CONNECTION_REFUSED @ http://localhost:3000/src/hooks/useAgentChat.ts?t=1773214820241:38
[ 2641079ms] [ERROR] WebSocket connection to 'ws://localhost:8000/video-edit/v2/agent/googleio%20copy/chat' failed: Error in connection establishment: net::ERR_CONNECTION_REFUSED @ http://localhost:3000/src/hooks/useAgentChat.ts?t=1773214820241:38
[ 2646088ms] [ERROR] WebSocket connection to 'ws://localhost:8000/video-edit/v2/agent/googleio%20copy/chat' failed: Error in connection establishment: net::ERR_CONNECTION_REFUSED @ http://localhost:3000/src/hooks/useAgentChat.ts?t=1773214820241:38
[ 2651103ms] [ERROR] WebSocket connection to 'ws://localhost:8000/video-edit/v2/agent/googleio%20copy/chat' failed: Error in connection establishment: net::ERR_CONNECTION_REFUSED @ http://localhost:3000/src/hooks/useAgentChat.ts?t=1773214820241:38
[ 2656122ms] [ERROR] WebSocket connection to 'ws://localhost:8000/video-edit/v2/agent/googleio%20copy/chat' failed: Error in connection establishment: net::ERR_CONNECTION_REFUSED @ http://localhost:3000/src/hooks/useAgentChat.ts?t=1773214820241:38
[ 2661165ms] [ERROR] WebSocket connection to 'ws://localhost:8000/video-edit/v2/agent/googleio%20copy/chat' failed: Error in connection establishment: net::ERR_CONNECTION_REFUSED @ http://localhost:3000/src/hooks/useAgentChat.ts?t=1773214820241:38
[ 2666243ms] [ERROR] WebSocket connection to 'ws://localhost:8000/video-edit/v2/agent/googleio%20copy/chat' failed: Error in connection establishment: net::ERR_CONNECTION_REFUSED @ http://localhost:3000/src/hooks/useAgentChat.ts?t=1773214820241:38
[ 2671309ms] [ERROR] WebSocket connection to 'ws://localhost:8000/video-edit/v2/agent/googleio%20copy/chat' failed: Error in connection establishment: net::ERR_CONNECTION_REFUSED @ http://localhost:3000/src/hooks/useAgentChat.ts?t=1773214820241:38
[ 2676503ms] [ERROR] WebSocket connection to 'ws://localhost:8000/video-edit/v2/agent/googleio%20copy/chat' failed: Error in connection establishment: net::ERR_CONNECTION_REFUSED @ http://localhost:3000/src/hooks/useAgentChat.ts?t=1773214820241:38
[ 2682007ms] [ERROR] WebSocket connection to 'ws://localhost:8000/video-edit/v2/agent/googleio%20copy/chat' failed: Error in connection establishment: net::ERR_CONNECTION_REFUSED @ http://localhost:3000/src/hooks/useAgentChat.ts?t=1773214820241:38
[ 2687910ms] [ERROR] WebSocket connection to 'ws://localhost:8000/video-edit/v2/agent/googleio%20copy/chat' failed: Error in connection establishment: net::ERR_CONNECTION_REFUSED @ http://localhost:3000/src/hooks/useAgentChat.ts?t=1773214820241:38
[ 2694379ms] [ERROR] WebSocket connection to 'ws://localhost:8000/video-edit/v2/agent/googleio%20copy/chat' failed: Error in connection establishment: net::ERR_CONNECTION_REFUSED @ http://localhost:3000/src/hooks/useAgentChat.ts?t=1773214820241:38
[ 2704158ms] [ERROR] WebSocket connection to 'ws://localhost:8000/video-edit/v2/agent/googleio%20copy/chat' failed: Error in connection establishment: net::ERR_CONNECTION_REFUSED @ http://localhost:3000/src/hooks/useAgentChat.ts?t=1773214820241:38
[ 2710392ms] [ERROR] WebSocket connection to 'ws://localhost:8000/video-edit/v2/agent/googleio%20copy/chat' failed: Error in connection establishment: net::ERR_CONNECTION_REFUSED @ http://localhost:3000/src/hooks/useAgentChat.ts?t=1773214820241:38
[ 2717526ms] [ERROR] WebSocket connection to 'ws://localhost:8000/video-edit/v2/agent/googleio%20copy/chat' failed: Error in connection establishment: net::ERR_CONNECTION_REFUSED @ http://localhost:3000/src/hooks/useAgentChat.ts?t=1773214820241:38
[ 2726481ms] [ERROR] WebSocket connection to 'ws://localhost:8000/video-edit/v2/agent/googleio%20copy/chat' failed: Error in connection establishment: net::ERR_CONNECTION_REFUSED @ http://localhost:3000/src/hooks/useAgentChat.ts?t=1773214820241:38
[ 2734863ms] [ERROR] WebSocket connection to 'ws://localhost:8000/video-edit/v2/agent/googleio%20copy/chat' failed: Error in connection establishment: net::ERR_CONNECTION_REFUSED @ http://localhost:3000/src/hooks/useAgentChat.ts?t=1773214820241:38
[ 2741973ms] [ERROR] WebSocket connection to 'ws://localhost:8000/video-edit/v2/agent/googleio%20copy/chat' failed: Error in connection establishment: net::ERR_CONNECTION_REFUSED @ http://localhost:3000/src/hooks/useAgentChat.ts?t=1773214820241:38
[ 2749119ms] [ERROR] WebSocket connection to 'ws://localhost:8000/video-edit/v2/agent/googleio%20copy/chat' failed: Error in connection establishment: net::ERR_CONNECTION_REFUSED @ http://localhost:3000/src/hooks/useAgentChat.ts?t=1773214820241:38
[ 2757277ms] [ERROR] WebSocket connection to 'ws://localhost:8000/video-edit/v2/agent/googleio%20copy/chat' failed: Error in connection establishment: net::ERR_CONNECTION_REFUSED @ http://localhost:3000/src/hooks/useAgentChat.ts?t=1773214820241:38
[ 2764488ms] [ERROR] WebSocket connection to 'ws://localhost:8000/video-edit/v2/agent/googleio%20copy/chat' failed: Error in connection establishment: net::ERR_CONNECTION_REFUSED @ http://localhost:3000/src/hooks/useAgentChat.ts?t=1773214820241:38
[ 2771271ms] [ERROR] WebSocket connection to 'ws://localhost:8000/video-edit/v2/agent/googleio%20copy/chat' failed: Error in connection establishment: net::ERR_CONNECTION_REFUSED @ http://localhost:3000/src/hooks/useAgentChat.ts?t=1773214820241:38
[ 2780967ms] [ERROR] WebSocket connection to 'ws://localhost:8000/video-edit/v2/agent/googleio%20copy/chat' failed: Error in connection establishment: net::ERR_CONNECTION_REFUSED @ http://localhost:3000/src/hooks/useAgentChat.ts?t=1773214820241:38
[ 2788711ms] [ERROR] WebSocket connection to 'ws://localhost:8000/video-edit/v2/agent/googleio%20copy/chat' failed: Error in connection establishment: net::ERR_CONNECTION_REFUSED @ http://localhost:3000/src/hooks/useAgentChat.ts?t=1773214820241:38
[ 2797992ms] [ERROR] WebSocket connection to 'ws://localhost:8000/video-edit/v2/agent/googleio%20copy/chat' failed: Error in connection establishment: net::ERR_CONNECTION_REFUSED @ http://localhost:3000/src/hooks/useAgentChat.ts?t=1773214820241:38
[ 2807287ms] [ERROR] WebSocket connection to 'ws://localhost:8000/video-edit/v2/agent/googleio%20copy/chat' failed: Error in connection establishment: net::ERR_CONNECTION_REFUSED @ http://localhost:3000/src/hooks/useAgentChat.ts?t=1773214820241:38
[ 2815392ms] [ERROR] WebSocket connection to 'ws://localhost:8000/video-edit/v2/agent/googleio%20copy/chat' failed: Error in connection establishment: net::ERR_CONNECTION_REFUSED @ http://localhost:3000/src/hooks/useAgentChat.ts?t=1773214820241:38
[ 2821799ms] [ERROR] WebSocket connection to 'ws://localhost:8000/video-edit/v2/agent/googleio%20copy/chat' failed: Error in connection establishment: net::ERR_CONNECTION_REFUSED @ http://localhost:3000/src/hooks/useAgentChat.ts?t=1773214820241:38
[ 2829797ms] [ERROR] WebSocket connection to 'ws://localhost:8000/video-edit/v2/agent/googleio%20copy/chat' failed: Error in connection establishment: net::ERR_CONNECTION_REFUSED @ http://localhost:3000/src/hooks/useAgentChat.ts?t=1773214820241:38
[ 2839591ms] [ERROR] WebSocket connection to 'ws://localhost:8000/video-edit/v2/agent/googleio%20copy/chat' failed: Error in connection establishment: net::ERR_CONNECTION_REFUSED @ http://localhost:3000/src/hooks/useAgentChat.ts?t=1773214820241:38
[ 2846072ms] [ERROR] WebSocket connection to 'ws://localhost:8000/video-edit/v2/agent/googleio%20copy/chat' failed: Error in connection establishment: net::ERR_CONNECTION_REFUSED @ http://localhost:3000/src/hooks/useAgentChat.ts?t=1773214820241:38
[ 2854793ms] [ERROR] WebSocket connection to 'ws://localhost:8000/video-edit/v2/agent/googleio%20copy/chat' failed: Error in connection establishment: net::ERR_CONNECTION_REFUSED @ http://localhost:3000/src/hooks/useAgentChat.ts?t=1773214820241:38
[ 2863353ms] [ERROR] WebSocket connection to 'ws://localhost:8000/video-edit/v2/agent/googleio%20copy/chat' failed: Error in connection establishment: net::ERR_CONNECTION_REFUSED @ http://localhost:3000/src/hooks/useAgentChat.ts?t=1773214820241:38
[ 2872016ms] [ERROR] WebSocket connection to 'ws://localhost:8000/video-edit/v2/agent/googleio%20copy/chat' failed: Error in connection establishment: net::ERR_CONNECTION_REFUSED @ http://localhost:3000/src/hooks/useAgentChat.ts?t=1773214820241:38
[ 2881447ms] [ERROR] WebSocket connection to 'ws://localhost:8000/video-edit/v2/agent/googleio%20copy/chat' failed: Error in connection establishment: net::ERR_CONNECTION_REFUSED @ http://localhost:3000/src/hooks/useAgentChat.ts?t=1773214820241:38
[ 2888791ms] [ERROR] WebSocket connection to 'ws://localhost:8000/video-edit/v2/agent/googleio%20copy/chat' failed: Error in connection establishment: net::ERR_CONNECTION_REFUSED @ http://localhost:3000/src/hooks/useAgentChat.ts?t=1773214820241:38
[ 2896908ms] [ERROR] WebSocket connection to 'ws://localhost:8000/video-edit/v2/agent/googleio%20copy/chat' failed: Error in connection establishment: net::ERR_CONNECTION_REFUSED @ http://localhost:3000/src/hooks/useAgentChat.ts?t=1773214820241:38
[ 2904984ms] [ERROR] WebSocket connection to 'ws://localhost:8000/video-edit/v2/agent/googleio%20copy/chat' failed: Error in connection establishment: net::ERR_CONNECTION_REFUSED @ http://localhost:3000/src/hooks/useAgentChat.ts?t=1773214820241:38
[ 2912129ms] [ERROR] WebSocket connection to 'ws://localhost:8000/video-edit/v2/agent/googleio%20copy/chat' failed: Error in connection establishment: net::ERR_CONNECTION_REFUSED @ http://localhost:3000/src/hooks/useAgentChat.ts?t=1773214820241:38
[ 2919271ms] [ERROR] WebSocket connection to 'ws://localhost:8000/video-edit/v2/agent/googleio%20copy/chat' failed: Error in connection establishment: net::ERR_CONNECTION_REFUSED @ http://localhost:3000/src/hooks/useAgentChat.ts?t=1773214820241:38
[ 2928195ms] [ERROR] WebSocket connection to 'ws://localhost:8000/video-edit/v2/agent/googleio%20copy/chat' failed: Error in connection establishment: net::ERR_CONNECTION_REFUSED @ http://localhost:3000/src/hooks/useAgentChat.ts?t=1773214820241:38
[ 2938175ms] [ERROR] WebSocket connection to 'ws://localhost:8000/video-edit/v2/agent/googleio%20copy/chat' failed: Error in connection establishment: net::ERR_CONNECTION_REFUSED @ http://localhost:3000/src/hooks/useAgentChat.ts?t=1773214820241:38
[ 2945800ms] [ERROR] WebSocket connection to 'ws://localhost:8000/video-edit/v2/agent/googleio%20copy/chat' failed: Error in connection establishment: net::ERR_CONNECTION_REFUSED @ http://localhost:3000/src/hooks/useAgentChat.ts?t=1773214820241:38
[ 2955463ms] [ERROR] WebSocket connection to 'ws://localhost:8000/video-edit/v2/agent/googleio%20copy/chat' failed: Error in connection establishment: net::ERR_CONNECTION_REFUSED @ http://localhost:3000/src/hooks/useAgentChat.ts?t=1773214820241:38
[ 2961848ms] [ERROR] WebSocket connection to 'ws://localhost:8000/video-edit/v2/agent/googleio%20copy/chat' failed: Error in connection establishment: net::ERR_CONNECTION_REFUSED @ http://localhost:3000/src/hooks/useAgentChat.ts?t=1773214820241:38
[ 2968695ms] [ERROR] WebSocket connection to 'ws://localhost:8000/video-edit/v2/agent/googleio%20copy/chat' failed: Error in connection establishment: net::ERR_CONNECTION_REFUSED @ http://localhost:3000/src/hooks/useAgentChat.ts?t=1773214820241:38
[ 2975362ms] [ERROR] WebSocket connection to 'ws://localhost:8000/video-edit/v2/agent/googleio%20copy/chat' failed: Error in connection establishment: net::ERR_CONNECTION_REFUSED @ http://localhost:3000/src/hooks/useAgentChat.ts?t=1773214820241:38
[ 2984037ms] [ERROR] WebSocket connection to 'ws://localhost:8000/video-edit/v2/agent/googleio%20copy/chat' failed: Error in connection establishment: net::ERR_CONNECTION_REFUSED @ http://localhost:3000/src/hooks/useAgentChat.ts?t=1773214820241:38
[ 2991119ms] [ERROR] WebSocket connection to 'ws://localhost:8000/video-edit/v2/agent/googleio%20copy/chat' failed: Error in connection establishment: net::ERR_CONNECTION_REFUSED @ http://localhost:3000/src/hooks/useAgentChat.ts?t=1773214820241:38
[ 2998180ms] [ERROR] WebSocket connection to 'ws://localhost:8000/video-edit/v2/agent/googleio%20copy/chat' failed: Error in connection establishment: net::ERR_CONNECTION_REFUSED @ http://localhost:3000/src/hooks/useAgentChat.ts?t=1773214820241:38
[ 3005158ms] [ERROR] WebSocket connection to 'ws://localhost:8000/video-edit/v2/agent/googleio%20copy/chat' failed: Error in connection establishment: net::ERR_CONNECTION_REFUSED @ http://localhost:3000/src/hooks/useAgentChat.ts?t=1773214820241:38
[ 3012792ms] [ERROR] WebSocket connection to 'ws://localhost:8000/video-edit/v2/agent/googleio%20copy/chat' failed: Error in connection establishment: net::ERR_CONNECTION_REFUSED @ http://localhost:3000/src/hooks/useAgentChat.ts?t=1773214820241:38
[ 3020039ms] [ERROR] WebSocket connection to 'ws://localhost:8000/video-edit/v2/agent/googleio%20copy/chat' failed: Error in connection establishment: net::ERR_CONNECTION_REFUSED @ http://localhost:3000/src/hooks/useAgentChat.ts?t=1773214820241:38
[ 3029848ms] [ERROR] WebSocket connection to 'ws://localhost:8000/video-edit/v2/agent/googleio%20copy/chat' failed: Error in connection establishment: net::ERR_CONNECTION_REFUSED @ http://localhost:3000/src/hooks/useAgentChat.ts?t=1773214820241:38
[ 3039844ms] [ERROR] WebSocket connection to 'ws://localhost:8000/video-edit/v2/agent/googleio%20copy/chat' failed: Error in connection establishment: net::ERR_CONNECTION_REFUSED @ http://localhost:3000/src/hooks/useAgentChat.ts?t=1773214820241:38
[ 3048132ms] [ERROR] WebSocket connection to 'ws://localhost:8000/video-edit/v2/agent/googleio%20copy/chat' failed: Error in connection establishment: net::ERR_CONNECTION_REFUSED @ http://localhost:3000/src/hooks/useAgentChat.ts?t=1773214820241:38
[ 3055970ms] [ERROR] WebSocket connection to 'ws://localhost:8000/video-edit/v2/agent/googleio%20copy/chat' failed: Error in connection establishment: net::ERR_CONNECTION_REFUSED @ http://localhost:3000/src/hooks/useAgentChat.ts?t=1773214820241:38
[ 3063672ms] [ERROR] WebSocket connection to 'ws://localhost:8000/video-edit/v2/agent/googleio%20copy/chat' failed: Error in connection establishment: net::ERR_CONNECTION_REFUSED @ http://localhost:3000/src/hooks/useAgentChat.ts?t=1773214820241:38
[ 3069791ms] [ERROR] WebSocket connection to 'ws://localhost:8000/video-edit/v2/agent/googleio%20copy/chat' failed: Error in connection establishment: net::ERR_CONNECTION_REFUSED @ http://localhost:3000/src/hooks/useAgentChat.ts?t=1773214820241:38
[ 3077204ms] [ERROR] WebSocket connection to 'ws://localhost:8000/video-edit/v2/agent/googleio%20copy/chat' failed: Error in connection establishment: net::ERR_CONNECTION_REFUSED @ http://localhost:3000/src/hooks/useAgentChat.ts?t=1773214820241:38
[ 3086021ms] [ERROR] WebSocket connection to 'ws://localhost:8000/video-edit/v2/agent/googleio%20copy/chat' failed: Error in connection establishment: net::ERR_CONNECTION_REFUSED @ http://localhost:3000/src/hooks/useAgentChat.ts?t=1773214820241:38
[ 3092792ms] [ERROR] WebSocket connection to 'ws://localhost:8000/video-edit/v2/agent/googleio%20copy/chat' failed: Error in connection establishment: net::ERR_CONNECTION_REFUSED @ http://localhost:3000/src/hooks/useAgentChat.ts?t=1773214820241:38
[ 3099387ms] [ERROR] WebSocket connection to 'ws://localhost:8000/video-edit/v2/agent/googleio%20copy/chat' failed: Error in connection establishment: net::ERR_CONNECTION_REFUSED @ http://localhost:3000/src/hooks/useAgentChat.ts?t=1773214820241:38
[ 3104393ms] [ERROR] WebSocket connection to 'ws://localhost:8000/video-edit/v2/agent/googleio%20copy/chat' failed: Error in connection establishment: net::ERR_CONNECTION_REFUSED @ http://localhost:3000/src/hooks/useAgentChat.ts?t=1773214820241:38
[ 3109400ms] [ERROR] WebSocket connection to 'ws://localhost:8000/video-edit/v2/agent/googleio%20copy/chat' failed: Error in connection establishment: net::ERR_CONNECTION_REFUSED @ http://localhost:3000/src/hooks/useAgentChat.ts?t=1773214820241:38
[ 3114407ms] [ERROR] WebSocket connection to 'ws://localhost:8000/video-edit/v2/agent/googleio%20copy/chat' failed: Error in connection establishment: net::ERR_CONNECTION_REFUSED @ http://localhost:3000/src/hooks/useAgentChat.ts?t=1773214820241:38
[ 3119414ms] [ERROR] WebSocket connection to 'ws://localhost:8000/video-edit/v2/agent/googleio%20copy/chat' failed: Error in connection establishment: net::ERR_CONNECTION_REFUSED @ http://localhost:3000/src/hooks/useAgentChat.ts?t=1773214820241:38
[ 3124422ms] [ERROR] WebSocket connection to 'ws://localhost:8000/video-edit/v2/agent/googleio%20copy/chat' failed: Error in connection establishment: net::ERR_CONNECTION_REFUSED @ http://localhost:3000/src/hooks/useAgentChat.ts?t=1773214820241:38
[ 3129432ms] [ERROR] WebSocket connection to 'ws://localhost:8000/video-edit/v2/agent/googleio%20copy/chat' failed: Error in connection establishment: net::ERR_CONNECTION_REFUSED @ http://localhost:3000/src/hooks/useAgentChat.ts?t=1773214820241:38
[ 3134447ms] [ERROR] WebSocket connection to 'ws://localhost:8000/video-edit/v2/agent/googleio%20copy/chat' failed: Error in connection establishment: net::ERR_CONNECTION_REFUSED @ http://localhost:3000/src/hooks/useAgentChat.ts?t=1773214820241:38
[ 3139459ms] [ERROR] WebSocket connection to 'ws://localhost:8000/video-edit/v2/agent/googleio%20copy/chat' failed: Error in connection establishment: net::ERR_CONNECTION_REFUSED @ http://localhost:3000/src/hooks/useAgentChat.ts?t=1773214820241:38
[ 3144500ms] [ERROR] WebSocket connection to 'ws://localhost:8000/video-edit/v2/agent/googleio%20copy/chat' failed: Error in connection establishment: net::ERR_CONNECTION_REFUSED @ http://localhost:3000/src/hooks/useAgentChat.ts?t=1773214820241:38
[ 3149542ms] [ERROR] WebSocket connection to 'ws://localhost:8000/video-edit/v2/agent/googleio%20copy/chat' failed: Error in connection establishment: net::ERR_CONNECTION_REFUSED @ http://localhost:3000/src/hooks/useAgentChat.ts?t=1773214820241:38
[ 3154630ms] [ERROR] WebSocket connection to 'ws://localhost:8000/video-edit/v2/agent/googleio%20copy/chat' failed: Error in connection establishment: net::ERR_CONNECTION_REFUSED @ http://localhost:3000/src/hooks/useAgentChat.ts?t=1773214820241:38
[ 3159848ms] [ERROR] WebSocket connection to 'ws://localhost:8000/video-edit/v2/agent/googleio%20copy/chat' failed: Error in connection establishment: net::ERR_CONNECTION_REFUSED @ http://localhost:3000/src/hooks/useAgentChat.ts?t=1773214820241:38
[ 3165353ms] [ERROR] WebSocket connection to 'ws://localhost:8000/video-edit/v2/agent/googleio%20copy/chat' failed: Error in connection establishment: net::ERR_CONNECTION_REFUSED @ http://localhost:3000/src/hooks/useAgentChat.ts?t=1773214820241:38
[ 3170813ms] [ERROR] WebSocket connection to 'ws://localhost:8000/video-edit/v2/agent/googleio%20copy/chat' failed: Error in connection establishment: net::ERR_CONNECTION_REFUSED @ http://localhost:3000/src/hooks/useAgentChat.ts?t=1773214820241:38
[ 3177927ms] [ERROR] WebSocket connection to 'ws://localhost:8000/video-edit/v2/agent/googleio%20copy/chat' failed: Error in connection establishment: net::ERR_CONNECTION_REFUSED @ http://localhost:3000/src/hooks/useAgentChat.ts?t=1773214820241:38
[ 3185620ms] [ERROR] WebSocket connection to 'ws://localhost:8000/video-edit/v2/agent/googleio%20copy/chat' failed: Error in connection establishment: net::ERR_CONNECTION_REFUSED @ http://localhost:3000/src/hooks/useAgentChat.ts?t=1773214820241:38
[ 3192826ms] [ERROR] WebSocket connection to 'ws://localhost:8000/video-edit/v2/agent/googleio%20copy/chat' failed: Error in connection establishment: net::ERR_CONNECTION_REFUSED @ http://localhost:3000/src/hooks/useAgentChat.ts?t=1773214820241:38
[ 3201560ms] [ERROR] WebSocket connection to 'ws://localhost:8000/video-edit/v2/agent/googleio%20copy/chat' failed: Error in connection establishment: net::ERR_CONNECTION_REFUSED @ http://localhost:3000/src/hooks/useAgentChat.ts?t=1773214820241:38
[ 3211144ms] [ERROR] WebSocket connection to 'ws://localhost:8000/video-edit/v2/agent/googleio%20copy/chat' failed: Error in connection establishment: net::ERR_CONNECTION_REFUSED @ http://localhost:3000/src/hooks/useAgentChat.ts?t=1773214820241:38
[ 3217384ms] [ERROR] WebSocket connection to 'ws://localhost:8000/video-edit/v2/agent/googleio%20copy/chat' failed: Error in connection establishment: net::ERR_CONNECTION_REFUSED @ http://localhost:3000/src/hooks/useAgentChat.ts?t=1773214820241:38
[ 3224959ms] [ERROR] WebSocket connection to 'ws://localhost:8000/video-edit/v2/agent/googleio%20copy/chat' failed: Error in connection establishment: net::ERR_CONNECTION_REFUSED @ http://localhost:3000/src/hooks/useAgentChat.ts?t=1773214820241:38
[ 3231760ms] [ERROR] WebSocket connection to 'ws://localhost:8000/video-edit/v2/agent/googleio%20copy/chat' failed: Error in connection establishment: net::ERR_CONNECTION_REFUSED @ http://localhost:3000/src/hooks/useAgentChat.ts?t=1773214820241:38
[ 3239544ms] [ERROR] WebSocket connection to 'ws://localhost:8000/video-edit/v2/agent/googleio%20copy/chat' failed: Error in connection establishment: net::ERR_CONNECTION_REFUSED @ http://localhost:3000/src/hooks/useAgentChat.ts?t=1773214820241:38
[ 3246455ms] [ERROR] WebSocket connection to 'ws://localhost:8000/video-edit/v2/agent/googleio%20copy/chat' failed: Error in connection establishment: net::ERR_CONNECTION_REFUSED @ http://localhost:3000/src/hooks/useAgentChat.ts?t=1773214820241:38
[ 3252872ms] [ERROR] WebSocket connection to 'ws://localhost:8000/video-edit/v2/agent/googleio%20copy/chat' failed: Error in connection establishment: net::ERR_CONNECTION_REFUSED @ http://localhost:3000/src/hooks/useAgentChat.ts?t=1773214820241:38
[ 3259273ms] [ERROR] WebSocket connection to 'ws://localhost:8000/video-edit/v2/agent/googleio%20copy/chat' failed: Error in connection establishment: net::ERR_CONNECTION_REFUSED @ http://localhost:3000/src/hooks/useAgentChat.ts?t=1773214820241:38
[ 3267929ms] [ERROR] WebSocket connection to 'ws://localhost:8000/video-edit/v2/agent/googleio%20copy/chat' failed: Error in connection establishment: net::ERR_CONNECTION_REFUSED @ http://localhost:3000/src/hooks/useAgentChat.ts?t=1773214820241:38
[ 3276008ms] [ERROR] WebSocket connection to 'ws://localhost:8000/video-edit/v2/agent/googleio%20copy/chat' failed: Error in connection establishment: net::ERR_CONNECTION_REFUSED @ http://localhost:3000/src/hooks/useAgentChat.ts?t=1773214820241:38
[ 3282453ms] [ERROR] WebSocket connection to 'ws://localhost:8000/video-edit/v2/agent/googleio%20copy/chat' failed: Error in connection establishment: net::ERR_CONNECTION_REFUSED @ http://localhost:3000/src/hooks/useAgentChat.ts?t=1773214820241:38
[ 3290711ms] [ERROR] WebSocket connection to 'ws://localhost:8000/video-edit/v2/agent/googleio%20copy/chat' failed: Error in connection establishment: net::ERR_CONNECTION_REFUSED @ http://localhost:3000/src/hooks/useAgentChat.ts?t=1773214820241:38
[ 3300295ms] [ERROR] WebSocket connection to 'ws://localhost:8000/video-edit/v2/agent/googleio%20copy/chat' failed: Error in connection establishment: net::ERR_CONNECTION_REFUSED @ http://localhost:3000/src/hooks/useAgentChat.ts?t=1773214820241:38
[ 3307861ms] [ERROR] WebSocket connection to 'ws://localhost:8000/video-edit/v2/agent/googleio%20copy/chat' failed: Error in connection establishment: net::ERR_CONNECTION_REFUSED @ http://localhost:3000/src/hooks/useAgentChat.ts?t=1773214820241:38
[ 3313977ms] [ERROR] WebSocket connection to 'ws://localhost:8000/video-edit/v2/agent/googleio%20copy/chat' failed: Error in connection establishment: net::ERR_CONNECTION_REFUSED @ http://localhost:3000/src/hooks/useAgentChat.ts?t=1773214820241:38
[ 3320150ms] [ERROR] WebSocket connection to 'ws://localhost:8000/video-edit/v2/agent/googleio%20copy/chat' failed: Error in connection establishment: net::ERR_CONNECTION_REFUSED @ http://localhost:3000/src/hooks/useAgentChat.ts?t=1773214820241:38
[ 3330001ms] [ERROR] WebSocket connection to 'ws://localhost:8000/video-edit/v2/agent/googleio%20copy/chat' failed: Error in connection establishment: net::ERR_CONNECTION_REFUSED @ http://localhost:3000/src/hooks/useAgentChat.ts?t=1773214820241:38
[ 3337997ms] [ERROR] WebSocket connection to 'ws://localhost:8000/video-edit/v2/agent/googleio%20copy/chat' failed: Error in connection establishment: net::ERR_CONNECTION_REFUSED @ http://localhost:3000/src/hooks/useAgentChat.ts?t=1773214820241:38
[ 3346965ms] [ERROR] WebSocket connection to 'ws://localhost:8000/video-edit/v2/agent/googleio%20copy/chat' failed: Error in connection establishment: net::ERR_CONNECTION_REFUSED @ http://localhost:3000/src/hooks/useAgentChat.ts?t=1773214820241:38
[ 3356856ms] [ERROR] WebSocket connection to 'ws://localhost:8000/video-edit/v2/agent/googleio%20copy/chat' failed: Error in connection establishment: net::ERR_CONNECTION_REFUSED @ http://localhost:3000/src/hooks/useAgentChat.ts?t=1773214820241:38
[ 3357913ms] [WARNING] WebSocket connection to 'ws://localhost:8000/video-edit/v2/agent/googleio%20copy/chat' failed: WebSocket is closed before the connection is established. @ http://localhost:3000/src/hooks/useAgentChat.ts?t=1773214820241:202
[ 3357921ms] [ERROR] Failed to load resource: the server responded with a status of 500 (Internal Server Error) @ http://localhost:3000/video-edit/v2/projects:0
[ 3357921ms] [ERROR] Failed to load resource: the server responded with a status of 500 (Internal Server Error) @ http://localhost:3000/video-edit/v2/projects:0
[ 3360450ms] [ERROR] WebSocket connection to 'ws://localhost:8000/video-edit/v2/agent/googleio%20copy/chat' failed: Error in connection establishment: net::ERR_CONNECTION_REFUSED @ http://localhost:3000/src/hooks/useAgentChat.ts?t=1773214820241:38
[ 3361000ms] [WARNING] WebSocket connection to 'ws://localhost:8000/video-edit/v2/agent/googleio%20copy/chat' failed: WebSocket is closed before the connection is established. @ http://localhost:3000/src/hooks/useAgentChat.ts?t=1773214820241:202
[ 3361014ms] [ERROR] Failed to load resource: the server responded with a status of 500 (Internal Server Error) @ http://localhost:3000/video-edit/v2/projects:0
[ 3361014ms] [ERROR] Failed to load resource: the server responded with a status of 500 (Internal Server Error) @ http://localhost:3000/video-edit/v2/projects:0
[ 3362291ms] [ERROR] Failed to load resource: the server responded with a status of 500 (Internal Server Error) @ http://localhost:3000/video-edit/v2/projects:0
[ 3362291ms] [ERROR] Failed to load resource: the server responded with a status of 500 (Internal Server Error) @ http://localhost:3000/video-edit/v2/projects:0
[ 3363192ms] [ERROR] Failed to load resource: the server responded with a status of 500 (Internal Server Error) @ http://localhost:3000/video-edit/v2/projects:0
[ 3363192ms] [ERROR] Failed to load resource: the server responded with a status of 500 (Internal Server Error) @ http://localhost:3000/video-edit/v2/projects:0
[ 3368203ms] [ERROR] Failed to load resource: the server responded with a status of 500 (Internal Server Error) @ http://localhost:3000/video-edit/v2/projects:0
[ 3373200ms] [ERROR] Failed to load resource: the server responded with a status of 500 (Internal Server Error) @ http://localhost:3000/video-edit/v2/projects:0
[ 3378202ms] [ERROR] Failed to load resource: the server responded with a status of 500 (Internal Server Error) @ http://localhost:3000/video-edit/v2/projects:0
[ 3383197ms] [ERROR] Failed to load resource: net::ERR_CONNECTION_REFUSED @ http://localhost:3000/video-edit/v2/projects:0
[ 4116747ms] [ERROR] WebSocket connection to 'ws://localhost:8000/video-edit/v2/agent/googleio%20copy/chat' failed: Error in connection establishment: net::ERR_CONNECTION_REFUSED @ http://localhost:3000/src/hooks/useAgentChat.ts:38
[ 4117749ms] [ERROR] WebSocket connection to 'ws://localhost:8000/video-edit/v2/agent/googleio%20copy/chat' failed: Error in connection establishment: net::ERR_CONNECTION_REFUSED @ http://localhost:3000/src/hooks/useAgentChat.ts:38
[ 4119751ms] [ERROR] WebSocket connection to 'ws://localhost:8000/video-edit/v2/agent/googleio%20copy/chat' failed: Error in connection establishment: net::ERR_CONNECTION_REFUSED @ http://localhost:3000/src/hooks/useAgentChat.ts:38
[ 4123754ms] [ERROR] WebSocket connection to 'ws://localhost:8000/video-edit/v2/agent/googleio%20copy/chat' failed: Error in connection establishment: net::ERR_CONNECTION_REFUSED @ http://localhost:3000/src/hooks/useAgentChat.ts:38
[ 4128760ms] [ERROR] WebSocket connection to 'ws://localhost:8000/video-edit/v2/agent/googleio%20copy/chat' failed: Error in connection establishment: net::ERR_CONNECTION_REFUSED @ http://localhost:3000/src/hooks/useAgentChat.ts:38
[ 4133766ms] [ERROR] WebSocket connection to 'ws://localhost:8000/video-edit/v2/agent/googleio%20copy/chat' failed: Error in connection establishment: net::ERR_CONNECTION_REFUSED @ http://localhost:3000/src/hooks/useAgentChat.ts:38
[ 4156371ms] [WARNING] WebSocket connection to 'ws://localhost:8000/video-edit/v2/agent/googleio%20copy/chat' failed: WebSocket is closed before the connection is established. @ http://localhost:3000/src/hooks/useAgentChat.ts:202
[ 4157510ms] [WARNING] WebSocket connection to 'ws://localhost:8000/video-edit/v2/agent/googleio%20copy/chat' failed: WebSocket is closed before the connection is established. @ http://localhost:3000/src/hooks/useAgentChat.ts:202
[ 4184310ms] [WARNING] WebSocket connection to 'ws://localhost:8000/video-edit/v2/agent/googleio%20copy/chat' failed: WebSocket is closed before the connection is established. @ http://localhost:3000/src/hooks/useAgentChat.ts:202
[ 4185350ms] [WARNING] WebSocket connection to 'ws://localhost:8000/video-edit/v2/agent/googleio%20copy/chat' failed: WebSocket is closed before the connection is established. @ http://localhost:3000/src/hooks/useAgentChat.ts:202
[ 4191403ms] [WARNING] WebSocket connection to 'ws://localhost:8000/video-edit/v2/agent/googleio%20copy/chat' failed: WebSocket is closed before the connection is established. @ http://localhost:3000/src/hooks/useAgentChat.ts:202
