[    5974ms] [WARNING] WebSocket connection to 'ws://localhost:8000/video-edit/v2/agent/googleio/chat' failed: WebSocket is closed before the connection is established. @ http://localhost:3000/src/hooks/useAgentChat.ts?t=1773201756918:128
[   90987ms] [ERROR] React has detected a change in the order of Hooks called by %s. This will lead to bugs and errors if not fixed. For more information, read the Rules of Hooks: https://react.dev/link/rules-of-hooks

   Previous render            Next render
   ------------------------------------------------------
%s   ^^^^^^^^^^^^^^^^^^^^^^^^^^^^^^^^^^^^^^^^^^^^^^^^^^^^^^
 App 1. useState                   useState
2. useState                   useState
3. useState                   useState
4. useState                   useState
5. useState                   useState
6. useState                   useState
7. useState                   useState
8. useRef                     useState
 @ http://localhost:3000/node_modules/.vite/deps/react-dom_client.js?v=cd7f60e1:5591
[   90989ms] Error: Should have a queue. You are likely calling Hooks conditionally, which is not allowed. (https://react.dev/link/invalid-hook-call)
    at updateReducerImpl (http://localhost:3000/node_modules/.vite/deps/react-dom_client.js?v=cd7f60e1:5890:17)
    at updateReducer (http://localhost:3000/node_modules/.vite/deps/react-dom_client.js?v=cd7f60e1:5885:16)
    at Object.useState (http://localhost:3000/node_modules/.vite/deps/react-dom_client.js?v=cd7f60e1:18994:20)
    at exports.useState (http://localhost:3000/node_modules/.vite/deps/chunk-BSNCPAQV.js?v=cd7f60e1:960:36)
    at useAgentChat (http://localhost:3000/src/hooks/useAgentChat.ts?t=1773201911419:14:27)
    at App (http://localhost:3000/src/App.tsx?t=1773201911419:22:17)
    at Object.react_stack_bottom_frame (http://localhost:3000/node_modules/.vite/deps/react-dom_client.js?v=cd7f60e1:18507:20)
    at renderWithHooks (http://localhost:3000/node_modules/.vite/deps/react-dom_client.js?v=cd7f60e1:5652:24)
    at updateFunctionComponent (http://localhost:3000/node_modules/.vite/deps/react-dom_client.js?v=cd7f60e1:7473:21)
    at beginWork (http://localhost:3000/node_modules/.vite/deps/react-dom_client.js?v=cd7f60e1:8523:20)
[   90989ms] [WARNING] %s

%s
 An error occurred in the <App> component. Consider adding an error boundary to your tree to customize error handling behavior.
Visit https://react.dev/link/error-boundaries to learn more about error boundaries. @ http://localhost:3000/node_modules/.vite/deps/react-dom_client.js?v=cd7f60e1:6963
[   99781ms] [WARNING] WebSocket connection to 'ws://localhost:8000/video-edit/v2/agent/googleio/chat' failed: WebSocket is closed before the connection is established. @ http://localhost:3000/src/hooks/useAgentChat.ts?t=1773201920209:137
[  171662ms] [ERROR] WebSocket connection to 'ws://localhost:8000/video-edit/v2/agent/googleio/chat' failed: Error in connection establishment: net::ERR_CONNECTION_REFUSED @ http://localhost:3000/src/hooks/useAgentChat.ts?t=1773201936995:26
[  172664ms] [ERROR] WebSocket connection to 'ws://localhost:8000/video-edit/v2/agent/googleio/chat' failed: Error in connection establishment: net::ERR_CONNECTION_REFUSED @ http://localhost:3000/src/hooks/useAgentChat.ts?t=1773201936995:26
