[   93008ms] [WARNING] WebSocket connection to 'ws://localhost:8000/video-edit/v2/agent/googleio%20copy/chat' failed: WebSocket is closed before the connection is established. @ http://localhost:3000/src/hooks/useAgentChat.ts:141
[   97582ms] [WARNING] WebSocket connection to 'ws://localhost:8000/video-edit/v2/agent/googleio%20copy/chat' failed: WebSocket is closed before the connection is established. @ http://localhost:3000/src/hooks/useAgentChat.ts:141
[   98030ms] [WARNING] WebSocket connection to 'ws://localhost:8000/video-edit/v2/agent/googleio%20copy/chat' failed: WebSocket is closed before the connection is established. @ http://localhost:3000/src/hooks/useAgentChat.ts:141
[  141452ms] [WARNING] WebSocket connection to 'ws://localhost:8000/video-edit/v2/agent/googleio%20copy/chat' failed: WebSocket is closed before the connection is established. @ http://localhost:3000/src/hooks/useAgentChat.ts:141
[  142400ms] [WARNING] WebSocket connection to 'ws://localhost:8000/video-edit/v2/agent/googleio%20copy/chat' failed: WebSocket is closed before the connection is established. @ http://localhost:3000/src/hooks/useAgentChat.ts:141
[  143082ms] [WARNING] WebSocket connection to 'ws://localhost:8000/video-edit/v2/agent/googleio%20copy/chat' failed: WebSocket is closed before the connection is established. @ http://localhost:3000/src/hooks/useAgentChat.ts:141
[  143771ms] [WARNING] WebSocket connection to 'ws://localhost:8000/video-edit/v2/agent/googleio%20copy/chat' failed: WebSocket is closed before the connection is established. @ http://localhost:3000/src/hooks/useAgentChat.ts:141
[  147325ms] [WARNING] WebSocket connection to 'ws://localhost:8000/video-edit/v2/agent/googleio%20copy/chat' failed: WebSocket is closed before the connection is established. @ http://localhost:3000/src/hooks/useAgentChat.ts:141
[  148076ms] [WARNING] WebSocket connection to 'ws://localhost:8000/video-edit/v2/agent/googleio%20copy/chat' failed: WebSocket is closed before the connection is established. @ http://localhost:3000/src/hooks/useAgentChat.ts:141
[  148462ms] [WARNING] WebSocket connection to 'ws://localhost:8000/video-edit/v2/agent/googleio%20copy/chat' failed: WebSocket is closed before the connection is established. @ http://localhost:3000/src/hooks/useAgentChat.ts:141
[  148663ms] [WARNING] WebSocket connection to 'ws://localhost:8000/video-edit/v2/agent/googleio%20copy/chat' failed: WebSocket is closed before the connection is established. @ http://localhost:3000/src/hooks/useAgentChat.ts:141
[  148826ms] [WARNING] WebSocket connection to 'ws://localhost:8000/video-edit/v2/agent/googleio%20copy/chat' failed: WebSocket is closed before the connection is established. @ http://localhost:3000/src/hooks/useAgentChat.ts:141
[  149028ms] [WARNING] WebSocket connection to 'ws://localhost:8000/video-edit/v2/agent/googleio%20copy/chat' failed: WebSocket is closed before the connection is established. @ http://localhost:3000/src/hooks/useAgentChat.ts:141
[  197944ms] [ERROR] WebSocket connection to 'ws://localhost:8000/video-edit/v2/agent/googleio%20copy/chat' failed: Error in connection establishment: net::ERR_CONNECTION_REFUSED @ http://localhost:3000/src/hooks/useAgentChat.ts:26
[  198948ms] [ERROR] WebSocket connection to 'ws://localhost:8000/video-edit/v2/agent/googleio%20copy/chat' failed: Error in connection establishment: net::ERR_CONNECTION_REFUSED @ http://localhost:3000/src/hooks/useAgentChat.ts:26
[  203025ms] [WARNING] WebSocket connection to 'ws://localhost:8000/video-edit/v2/agent/googleio%20copy/chat' failed: WebSocket is closed before the connection is established. @ http://localhost:3000/src/hooks/useAgentChat.ts:141
[  206511ms] [WARNING] WebSocket connection to 'ws://localhost:8000/video-edit/v2/agent/googleio%20copy/chat' failed: WebSocket is closed before the connection is established. @ http://localhost:3000/src/hooks/useAgentChat.ts:141
[  212219ms] [WARNING] WebSocket connection to 'ws://localhost:8000/video-edit/v2/agent/googleio%20copy/chat' failed: WebSocket is closed before the connection is established. @ http://localhost:3000/src/hooks/useAgentChat.ts:141
[  569758ms] [WARNING] WebSocket connection to 'ws://localhost:8000/video-edit/v2/agent/googleio%20copy/chat' failed: WebSocket is closed before the connection is established. @ http://localhost:3000/src/hooks/useAgentChat.ts:141
[  716582ms] [ERROR] WebSocket connection to 'ws://localhost:8000/video-edit/v2/agent/googleio%20copy/chat' failed: Error in connection establishment: net::ERR_CONNECTION_REFUSED @ http://localhost:3000/src/hooks/useAgentChat.ts:26
[  717586ms] [ERROR] WebSocket connection to 'ws://localhost:8000/video-edit/v2/agent/googleio%20copy/chat' failed: Error in connection establishment: net::ERR_CONNECTION_REFUSED @ http://localhost:3000/src/hooks/useAgentChat.ts:26
[  719589ms] [ERROR] WebSocket connection to 'ws://localhost:8000/video-edit/v2/agent/googleio%20copy/chat' failed: Error in connection establishment: net::ERR_CONNECTION_REFUSED @ http://localhost:3000/src/hooks/useAgentChat.ts:26
[  723591ms] [ERROR] WebSocket connection to 'ws://localhost:8000/video-edit/v2/agent/googleio%20copy/chat' failed: Error in connection establishment: net::ERR_CONNECTION_REFUSED @ http://localhost:3000/src/hooks/useAgentChat.ts:26
[  724559ms] [WARNING] WebSocket connection to 'ws://localhost:8000/video-edit/v2/agent/googleio%20copy/chat' failed: WebSocket is closed before the connection is established. @ http://localhost:3000/src/hooks/useAgentChat.ts:141
[  732051ms] [WARNING] WebSocket connection to 'ws://localhost:8000/video-edit/v2/agent/googleio%20copy/chat' failed: WebSocket is closed before the connection is established. @ http://localhost:3000/src/hooks/useAgentChat.ts:141
[  825739ms] [WARNING] WebSocket connection to 'ws://localhost:8000/video-edit/v2/agent/googleio%20copy/chat' failed: WebSocket is closed before the connection is established. @ http://localhost:3000/src/hooks/useAgentChat.ts:141
[ 2042624ms] [ERROR] React has detected a change in the order of Hooks called by %s. This will lead to bugs and errors if not fixed. For more information, read the Rules of Hooks: https://react.dev/link/rules-of-hooks

   Previous render            Next render
   ------------------------------------------------------
%s   ^^^^^^^^^^^^^^^^^^^^^^^^^^^^^^^^^^^^^^^^^^^^^^^^^^^^^^
 App 1. useState                   useState
2. useState                   useState
3. useState                   useState
4. useState                   useState
5. useState                   useState
6. useState                   useState
7. useState                   useState
8. useState                   useState
9. useRef                     useState
 @ http://localhost:3000/node_modules/.vite/deps/react-dom_client.js?v=cd7f60e1:5591
[ 2042631ms] Error: Should have a queue. You are likely calling Hooks conditionally, which is not allowed. (https://react.dev/link/invalid-hook-call)
    at updateReducerImpl (http://localhost:3000/node_modules/.vite/deps/react-dom_client.js?v=cd7f60e1:5890:17)
    at updateReducer (http://localhost:3000/node_modules/.vite/deps/react-dom_client.js?v=cd7f60e1:5885:16)
    at Object.useState (http://localhost:3000/node_modules/.vite/deps/react-dom_client.js?v=cd7f60e1:18994:20)
    at exports.useState (http://localhost:3000/node_modules/.vite/deps/chunk-BSNCPAQV.js?v=cd7f60e1:960:36)
    at useAgentChat (http://localhost:3000/src/hooks/useAgentChat.ts?t=1773204924093:20:27)
    at App (http://localhost:3000/src/App.tsx?t=1773204924093:22:17)
    at Object.react_stack_bottom_frame (http://localhost:3000/node_modules/.vite/deps/react-dom_client.js?v=cd7f60e1:18507:20)
    at renderWithHooks (http://localhost:3000/node_modules/.vite/deps/react-dom_client.js?v=cd7f60e1:5652:24)
    at updateFunctionComponent (http://localhost:3000/node_modules/.vite/deps/react-dom_client.js?v=cd7f60e1:7473:21)
    at beginWork (http://localhost:3000/node_modules/.vite/deps/react-dom_client.js?v=cd7f60e1:8523:20)
[ 2042628ms] [WARNING] %s

%s
 An error occurred in the <App> component. Consider adding an error boundary to your tree to customize error handling behavior.
Visit https://react.dev/link/error-boundaries to learn more about error boundaries. @ http://localhost:3000/node_modules/.vite/deps/react-dom_client.js?v=cd7f60e1:6963
[ 2048929ms] [WARNING] WebSocket connection to 'ws://localhost:8000/video-edit/v2/agent/googleio%20copy/chat' failed: WebSocket is closed before the connection is established. @ http://localhost:3000/src/hooks/useAgentChat.ts?t=1773204930395:168
[ 2132259ms] TypeError: Cannot read properties of undefined (reading 'status')
    at VideoPreview (http://localhost:3000/src/components/VideoPreview.tsx:11:19)
    at Object.react_stack_bottom_frame (http://localhost:3000/node_modules/.vite/deps/react-dom_client.js?v=cd7f60e1:18507:20)
    at renderWithHooks (http://localhost:3000/node_modules/.vite/deps/react-dom_client.js?v=cd7f60e1:5652:24)
    at updateFunctionComponent (http://localhost:3000/node_modules/.vite/deps/react-dom_client.js?v=cd7f60e1:7473:21)
    at beginWork (http://localhost:3000/node_modules/.vite/deps/react-dom_client.js?v=cd7f60e1:8523:20)
    at runWithFiberInDEV (http://localhost:3000/node_modules/.vite/deps/react-dom_client.js?v=cd7f60e1:995:72)
    at performUnitOfWork (http://localhost:3000/node_modules/.vite/deps/react-dom_client.js?v=cd7f60e1:12559:98)
    at workLoopSync (http://localhost:3000/node_modules/.vite/deps/react-dom_client.js?v=cd7f60e1:12422:43)
    at renderRootSync (http://localhost:3000/node_modules/.vite/deps/react-dom_client.js?v=cd7f60e1:12406:13)
    at performWorkOnRoot (http://localhost:3000/node_modules/.vite/deps/react-dom_client.js?v=cd7f60e1:11825:37)
[ 2132259ms] [WARNING] %s

%s
 An error occurred in the <VideoPreview> component. Consider adding an error boundary to your tree to customize error handling behavior.
Visit https://react.dev/link/error-boundaries to learn more about error boundaries. @ http://localhost:3000/node_modules/.vite/deps/react-dom_client.js?v=cd7f60e1:6963
[ 2145913ms] [WARNING] WebSocket connection to 'ws://localhost:8000/video-edit/v2/agent/googleio%20copy/chat' failed: WebSocket is closed before the connection is established. @ http://localhost:3000/src/hooks/useAgentChat.ts?t=1773204943234:169
[ 2203102ms] [ERROR] WebSocket connection to 'ws://localhost:8000/video-edit/v2/agent/googleio%20copy/chat' failed: Error in connection establishment: net::ERR_CONNECTION_REFUSED @ http://localhost:3000/src/hooks/useAgentChat.ts?t=1773205080119:32
[ 2204106ms] [ERROR] WebSocket connection to 'ws://localhost:8000/video-edit/v2/agent/googleio%20copy/chat' failed: Error in connection establishment: net::ERR_CONNECTION_REFUSED @ http://localhost:3000/src/hooks/useAgentChat.ts?t=1773205080119:32
[ 2206110ms] [ERROR] WebSocket connection to 'ws://localhost:8000/video-edit/v2/agent/googleio%20copy/chat' failed: Error in connection establishment: net::ERR_CONNECTION_REFUSED @ http://localhost:3000/src/hooks/useAgentChat.ts?t=1773205080119:32
[ 2209061ms] [WARNING] WebSocket connection to 'ws://localhost:8000/video-edit/v2/agent/googleio%20copy/chat' failed: WebSocket is closed before the connection is established. @ http://localhost:3000/src/hooks/useAgentChat.ts:178
[ 2209072ms] [ERROR] WebSocket connection to 'ws://localhost:8000/video-edit/v2/agent/googleio%20copy/chat' failed: Error in connection establishment: net::ERR_CONNECTION_REFUSED @ http://localhost:3000/src/hooks/useAgentChat.ts:32
[ 2209078ms] [ERROR] Failed to load resource: the server responded with a status of 500 (Internal Server Error) @ http://localhost:3000/video-edit/v2/projects:0
[ 2209079ms] [ERROR] Failed to load resource: the server responded with a status of 500 (Internal Server Error) @ http://localhost:3000/video-edit/v2/projects:0
[ 2209576ms] [ERROR] WebSocket connection to 'ws://localhost:8000/video-edit/v2/agent/googleio%20copy/chat' failed: Error in connection establishment: net::ERR_CONNECTION_REFUSED @ http://localhost:3000/src/hooks/useAgentChat.ts:32
[ 2210578ms] [ERROR] WebSocket connection to 'ws://localhost:8000/video-edit/v2/agent/googleio%20copy/chat' failed: Error in connection establishment: net::ERR_CONNECTION_REFUSED @ http://localhost:3000/src/hooks/useAgentChat.ts:32
[ 2212580ms] [ERROR] WebSocket connection to 'ws://localhost:8000/video-edit/v2/agent/googleio%20copy/chat' failed: Error in connection establishment: net::ERR_CONNECTION_REFUSED @ http://localhost:3000/src/hooks/useAgentChat.ts:32
[ 2216584ms] [ERROR] WebSocket connection to 'ws://localhost:8000/video-edit/v2/agent/googleio%20copy/chat' failed: Error in connection establishment: net::ERR_CONNECTION_REFUSED @ http://localhost:3000/src/hooks/useAgentChat.ts:32
[ 2221588ms] [ERROR] WebSocket connection to 'ws://localhost:8000/video-edit/v2/agent/googleio%20copy/chat' failed: Error in connection establishment: net::ERR_CONNECTION_REFUSED @ http://localhost:3000/src/hooks/useAgentChat.ts:32
[ 2679914ms] [ERROR] WebSocket connection to 'ws://localhost:8000/video-edit/v2/agent/googleio%20copy/chat' failed: Error in connection establishment: net::ERR_CONNECTION_REFUSED @ http://localhost:3000/src/hooks/useAgentChat.ts:32
[ 2680916ms] [ERROR] WebSocket connection to 'ws://localhost:8000/video-edit/v2/agent/googleio%20copy/chat' failed: Error in connection establishment: net::ERR_CONNECTION_REFUSED @ http://localhost:3000/src/hooks/useAgentChat.ts:32
[ 2682919ms] [ERROR] WebSocket connection to 'ws://localhost:8000/video-edit/v2/agent/googleio%20copy/chat' failed: Error in connection establishment: net::ERR_CONNECTION_REFUSED @ http://localhost:3000/src/hooks/useAgentChat.ts:32
[ 2686922ms] [ERROR] WebSocket connection to 'ws://localhost:8000/video-edit/v2/agent/googleio%20copy/chat' failed: Error in connection establishment: net::ERR_CONNECTION_REFUSED @ http://localhost:3000/src/hooks/useAgentChat.ts:32
[ 2691927ms] [ERROR] WebSocket connection to 'ws://localhost:8000/video-edit/v2/agent/googleio%20copy/chat' failed: Error in connection establishment: net::ERR_CONNECTION_REFUSED @ http://localhost:3000/src/hooks/useAgentChat.ts:32
[ 2696933ms] [ERROR] WebSocket connection to 'ws://localhost:8000/video-edit/v2/agent/googleio%20copy/chat' failed: Error in connection establishment: net::ERR_CONNECTION_REFUSED @ http://localhost:3000/src/hooks/useAgentChat.ts:32
[ 2701941ms] [ERROR] WebSocket connection to 'ws://localhost:8000/video-edit/v2/agent/googleio%20copy/chat' failed: Error in connection establishment: net::ERR_CONNECTION_REFUSED @ http://localhost:3000/src/hooks/useAgentChat.ts:32
[ 2706961ms] [ERROR] WebSocket connection to 'ws://localhost:8000/video-edit/v2/agent/googleio%20copy/chat' failed: Error in connection establishment: net::ERR_CONNECTION_REFUSED @ http://localhost:3000/src/hooks/useAgentChat.ts:32
[ 2711990ms] [ERROR] WebSocket connection to 'ws://localhost:8000/video-edit/v2/agent/googleio%20copy/chat' failed: Error in connection establishment: net::ERR_CONNECTION_REFUSED @ http://localhost:3000/src/hooks/useAgentChat.ts:32
[ 2717023ms] [ERROR] WebSocket connection to 'ws://localhost:8000/video-edit/v2/agent/googleio%20copy/chat' failed: Error in connection establishment: net::ERR_CONNECTION_REFUSED @ http://localhost:3000/src/hooks/useAgentChat.ts:32
[ 2750542ms] [WARNING] WebSocket connection to 'ws://localhost:8000/video-edit/v2/agent/googleio%20copy/chat' failed: WebSocket is closed before the connection is established. @ http://localhost:3000/src/hooks/useAgentChat.ts:178
[ 2849994ms] [ERROR] WebSocket connection to 'ws://localhost:8000/video-edit/v2/agent/googleio%20copy/chat' failed: Error in connection establishment: net::ERR_CONNECTION_REFUSED @ http://localhost:3000/src/hooks/useAgentChat.ts:32
[ 2850997ms] [ERROR] WebSocket connection to 'ws://localhost:8000/video-edit/v2/agent/googleio%20copy/chat' failed: Error in connection establishment: net::ERR_CONNECTION_REFUSED @ http://localhost:3000/src/hooks/useAgentChat.ts:32
[ 2936439ms] [ERROR] WebSocket connection to 'ws://localhost:8000/video-edit/v2/agent/googleio%20copy/chat' failed: Error in connection establishment: net::ERR_CONNECTION_REFUSED @ http://localhost:3000/src/hooks/useAgentChat.ts:32
[ 2937442ms] [ERROR] WebSocket connection to 'ws://localhost:8000/video-edit/v2/agent/googleio%20copy/chat' failed: Error in connection establishment: net::ERR_CONNECTION_REFUSED @ http://localhost:3000/src/hooks/useAgentChat.ts:32
[ 3085778ms] [WARNING] WebSocket connection to 'ws://localhost:8000/video-edit/v2/agent/googleio%20copy/chat' failed: WebSocket is closed before the connection is established. @ http://localhost:3000/src/hooks/useAgentChat.ts:178
[ 3117231ms] [WARNING] WebSocket connection to 'ws://localhost:8000/video-edit/v2/agent/googleio%20copy/chat' failed: WebSocket is closed before the connection is established. @ http://localhost:3000/src/hooks/useAgentChat.ts:178
[ 3146968ms] [WARNING] WebSocket connection to 'ws://localhost:8000/video-edit/v2/agent/googleio%20copy/chat' failed: WebSocket is closed before the connection is established. @ http://localhost:3000/src/hooks/useAgentChat.ts:178
[ 3202240ms] [WARNING] WebSocket connection to 'ws://localhost:8000/video-edit/v2/agent/googleio%20copy/chat' failed: WebSocket is closed before the connection is established. @ http://localhost:3000/src/hooks/useAgentChat.ts:178
[ 3234864ms] [WARNING] WebSocket connection to 'ws://localhost:8000/video-edit/v2/agent/googleio/chat' failed: WebSocket is closed before the connection is established. @ http://localhost:3000/src/hooks/useAgentChat.ts:178
[ 3235076ms] [WARNING] WebSocket connection to 'ws://localhost:8000/video-edit/v2/agent/googleio/chat' failed: WebSocket is closed before the connection is established. @ http://localhost:3000/src/hooks/useAgentChat.ts:178
[ 3244442ms] [WARNING] WebSocket connection to 'ws://localhost:8000/video-edit/v2/agent/googleio/chat' failed: WebSocket is closed before the connection is established. @ http://localhost:3000/src/hooks/useAgentChat.ts:178
[ 3260669ms] [ERROR] WebSocket connection to 'ws://localhost:8000/video-edit/v2/agent/googleio/chat' failed: Error in connection establishment: net::ERR_CONNECTION_REFUSED @ http://localhost:3000/src/hooks/useAgentChat.ts:32
[ 3261672ms] [ERROR] WebSocket connection to 'ws://localhost:8000/video-edit/v2/agent/googleio/chat' failed: Error in connection establishment: net::ERR_CONNECTION_REFUSED @ http://localhost:3000/src/hooks/useAgentChat.ts:32
[ 3263674ms] [ERROR] WebSocket connection to 'ws://localhost:8000/video-edit/v2/agent/googleio/chat' failed: Error in connection establishment: net::ERR_CONNECTION_REFUSED @ http://localhost:3000/src/hooks/useAgentChat.ts:32
[ 3267456ms] [WARNING] WebSocket connection to 'ws://localhost:8000/video-edit/v2/agent/googleio/chat' failed: WebSocket is closed before the connection is established. @ http://localhost:3000/src/hooks/useAgentChat.ts:178
[ 3281772ms] [WARNING] WebSocket connection to 'ws://localhost:8000/video-edit/v2/agent/googleio/chat' failed: WebSocket is closed before the connection is established. @ http://localhost:3000/src/hooks/useAgentChat.ts:178
[ 3374251ms] [WARNING] WebSocket connection to 'ws://localhost:8000/video-edit/v2/agent/googleio/chat' failed: WebSocket is closed before the connection is established. @ http://localhost:3000/src/hooks/useAgentChat.ts:178
[ 4283031ms] [WARNING] WebSocket connection to 'ws://localhost:8000/video-edit/v2/agent/googleio%20copy/chat' failed: WebSocket is closed before the connection is established. @ http://localhost:3000/src/hooks/useAgentChat.ts:178
[ 4291421ms] [WARNING] WebSocket connection to 'ws://localhost:8000/video-edit/v2/agent/googleio%20copy/chat' failed: WebSocket is closed before the connection is established. @ http://localhost:3000/src/hooks/useAgentChat.ts:178
[ 4500254ms] [WARNING] WebSocket connection to 'ws://localhost:8000/video-edit/v2/agent/googleio%20copy/chat' failed: WebSocket is closed before the connection is established. @ http://localhost:3000/src/hooks/useAgentChat.ts:178
[ 4502467ms] [WARNING] WebSocket connection to 'ws://localhost:8000/video-edit/v2/agent/googleio%20copy/chat' failed: WebSocket is closed before the connection is established. @ http://localhost:3000/src/hooks/useAgentChat.ts:178
[ 4504215ms] [WARNING] WebSocket connection to 'ws://localhost:8000/video-edit/v2/agent/googleio%20copy/chat' failed: WebSocket is closed before the connection is established. @ http://localhost:3000/src/hooks/useAgentChat.ts:178
[ 5567878ms] [WARNING] WebSocket connection to 'ws://localhost:8000/video-edit/v2/agent/movie1/chat' failed: WebSocket is closed before the connection is established. @ http://localhost:3000/src/hooks/useAgentChat.ts:178
[ 6393074ms] [WARNING] WebSocket connection to 'ws://localhost:8000/video-edit/v2/agent/movie1/chat' failed: WebSocket is closed before the connection is established. @ http://localhost:3000/src/hooks/useAgentChat.ts:178
[ 6393870ms] [WARNING] WebSocket connection to 'ws://localhost:8000/video-edit/v2/agent/movie1/chat' failed: WebSocket is closed before the connection is established. @ http://localhost:3000/src/hooks/useAgentChat.ts:178
[ 6394252ms] [WARNING] WebSocket connection to 'ws://localhost:8000/video-edit/v2/agent/movie1/chat' failed: WebSocket is closed before the connection is established. @ http://localhost:3000/src/hooks/useAgentChat.ts:178
[ 6394491ms] [WARNING] WebSocket connection to 'ws://localhost:8000/video-edit/v2/agent/movie1/chat' failed: WebSocket is closed before the connection is established. @ http://localhost:3000/src/hooks/useAgentChat.ts:178
[ 6394668ms] [WARNING] WebSocket connection to 'ws://localhost:8000/video-edit/v2/agent/movie1/chat' failed: WebSocket is closed before the connection is established. @ http://localhost:3000/src/hooks/useAgentChat.ts:178
[ 6394862ms] [WARNING] WebSocket connection to 'ws://localhost:8000/video-edit/v2/agent/movie1/chat' failed: WebSocket is closed before the connection is established. @ http://localhost:3000/src/hooks/useAgentChat.ts:178
[ 6399015ms] [ERROR] WebSocket connection to 'ws://localhost:8000/video-edit/v2/agent/movie1/chat' failed: Error in connection establishment: net::ERR_CONNECTION_REFUSED @ http://localhost:3000/src/hooks/useAgentChat.ts:32
[ 6400019ms] [ERROR] WebSocket connection to 'ws://localhost:8000/video-edit/v2/agent/movie1/chat' failed: Error in connection establishment: net::ERR_CONNECTION_REFUSED @ http://localhost:3000/src/hooks/useAgentChat.ts:32
[ 6757697ms] [WARNING] WebSocket connection to 'ws://localhost:8000/video-edit/v2/agent/movie1/chat' failed: WebSocket is closed before the connection is established. @ http://localhost:3000/src/hooks/useAgentChat.ts:178
[ 7021657ms] [ERROR] WebSocket connection to 'ws://localhost:8000/video-edit/v2/agent/googleio%20copy/chat' failed: Error in connection establishment: net::ERR_CONNECTION_REFUSED @ http://localhost:3000/src/hooks/useAgentChat.ts?t=1773209893852:32
[ 7022659ms] [ERROR] WebSocket connection to 'ws://localhost:8000/video-edit/v2/agent/googleio%20copy/chat' failed: Error in connection establishment: net::ERR_CONNECTION_REFUSED @ http://localhost:3000/src/hooks/useAgentChat.ts?t=1773209893852:32
[ 7024709ms] [WARNING] WebSocket connection to 'ws://localhost:8000/video-edit/v2/agent/googleio%20copy/chat' failed: WebSocket is closed before the connection is established. @ http://localhost:3000/src/hooks/useAgentChat.ts:186
[ 7069088ms] [WARNING] WebSocket connection to 'ws://localhost:8000/video-edit/v2/agent/googleio%20copy/chat' failed: WebSocket is closed before the connection is established. @ http://localhost:3000/src/hooks/useAgentChat.ts:186
[ 7228593ms] [ERROR] %s a style property during rerender (%s) when a conflicting property is set (%s) can lead to styling bugs. To avoid this, don't mix shorthand and non-shorthand properties for the same value; instead, replace the shorthand with separate values. Removing paddingLeft padding @ http://localhost:3000/node_modules/.vite/deps/react-dom_client.js?v=cd7f60e1:2259
[ 7228593ms] [ERROR] %s a style property during rerender (%s) when a conflicting property is set (%s) can lead to styling bugs. To avoid this, don't mix shorthand and non-shorthand properties for the same value; instead, replace the shorthand with separate values. Removing paddingLeft padding @ http://localhost:3000/node_modules/.vite/deps/react-dom_client.js?v=cd7f60e1:2259
[ 7260593ms] [ERROR] WebSocket connection to 'ws://localhost:8000/video-edit/v2/agent/googleio%20copy/chat' failed: Error in connection establishment: net::ERR_CONNECTION_REFUSED @ http://localhost:3000/src/hooks/useAgentChat.ts:32
[ 7261595ms] [ERROR] WebSocket connection to 'ws://localhost:8000/video-edit/v2/agent/googleio%20copy/chat' failed: Error in connection establishment: net::ERR_CONNECTION_REFUSED @ http://localhost:3000/src/hooks/useAgentChat.ts:32
[ 7333019ms] [WARNING] WebSocket connection to 'ws://localhost:8000/video-edit/v2/agent/googleio%20copy/chat' failed: WebSocket is closed before the connection is established. @ http://localhost:3000/src/hooks/useAgentChat.ts:186
[ 7369394ms] [WARNING] WebSocket connection to 'ws://localhost:8000/video-edit/v2/agent/googleio%20copy/chat' failed: WebSocket is closed before the connection is established. @ http://localhost:3000/src/hooks/useAgentChat.ts:186
[ 7485468ms] [WARNING] WebSocket connection to 'ws://localhost:8000/video-edit/v2/agent/googleio%20copy/chat' failed: WebSocket is closed before the connection is established. @ http://localhost:3000/src/hooks/useAgentChat.ts:186
[ 7495670ms] [WARNING] WebSocket connection to 'ws://localhost:8000/video-edit/v2/agent/googleio%20copy/chat' failed: WebSocket is closed before the connection is established. @ http://localhost:3000/src/hooks/useAgentChat.ts:186
[ 7573552ms] [WARNING] WebSocket connection to 'ws://localhost:8000/video-edit/v2/agent/googleio%20copy/chat' failed: WebSocket is closed before the connection is established. @ http://localhost:3000/src/hooks/useAgentChat.ts:186
[ 7907745ms] [ERROR] WebSocket connection to 'ws://localhost:8000/video-edit/v2/agent/googleio%20copy/chat' failed: Error in connection establishment: net::ERR_CONNECTION_REFUSED @ http://localhost:3000/src/hooks/useAgentChat.ts:32
[ 7908747ms] [ERROR] WebSocket connection to 'ws://localhost:8000/video-edit/v2/agent/googleio%20copy/chat' failed: Error in connection establishment: net::ERR_CONNECTION_REFUSED @ http://localhost:3000/src/hooks/useAgentChat.ts:32
[ 7910749ms] [ERROR] WebSocket connection to 'ws://localhost:8000/video-edit/v2/agent/googleio%20copy/chat' failed: Error in connection establishment: net::ERR_CONNECTION_REFUSED @ http://localhost:3000/src/hooks/useAgentChat.ts:32
[ 7914752ms] [ERROR] WebSocket connection to 'ws://localhost:8000/video-edit/v2/agent/googleio%20copy/chat' failed: Error in connection establishment: net::ERR_CONNECTION_REFUSED @ http://localhost:3000/src/hooks/useAgentChat.ts:32
[ 7919822ms] [ERROR] %s a style property during rerender (%s) when a conflicting property is set (%s) can lead to styling bugs. To avoid this, don't mix shorthand and non-shorthand properties for the same value; instead, replace the shorthand with separate values. Removing paddingLeft padding @ http://localhost:3000/node_modules/.vite/deps/react-dom_client.js?v=cd7f60e1:2259
[ 7919822ms] [ERROR] %s a style property during rerender (%s) when a conflicting property is set (%s) can lead to styling bugs. To avoid this, don't mix shorthand and non-shorthand properties for the same value; instead, replace the shorthand with separate values. Removing paddingLeft padding @ http://localhost:3000/node_modules/.vite/deps/react-dom_client.js?v=cd7f60e1:2259
[ 7919822ms] [ERROR] %s a style property during rerender (%s) when a conflicting property is set (%s) can lead to styling bugs. To avoid this, don't mix shorthand and non-shorthand properties for the same value; instead, replace the shorthand with separate values. Removing paddingLeft padding @ http://localhost:3000/node_modules/.vite/deps/react-dom_client.js?v=cd7f60e1:2259
[ 7919822ms] [ERROR] %s a style property during rerender (%s) when a conflicting property is set (%s) can lead to styling bugs. To avoid this, don't mix shorthand and non-shorthand properties for the same value; instead, replace the shorthand with separate values. Removing paddingLeft padding @ http://localhost:3000/node_modules/.vite/deps/react-dom_client.js?v=cd7f60e1:2259
[ 7919822ms] [ERROR] %s a style property during rerender (%s) when a conflicting property is set (%s) can lead to styling bugs. To avoid this, don't mix shorthand and non-shorthand properties for the same value; instead, replace the shorthand with separate values. Removing paddingLeft padding @ http://localhost:3000/node_modules/.vite/deps/react-dom_client.js?v=cd7f60e1:2259
[ 7919822ms] [ERROR] %s a style property during rerender (%s) when a conflicting property is set (%s) can lead to styling bugs. To avoid this, don't mix shorthand and non-shorthand properties for the same value; instead, replace the shorthand with separate values. Removing paddingLeft padding @ http://localhost:3000/node_modules/.vite/deps/react-dom_client.js?v=cd7f60e1:2259
[ 7919822ms] [ERROR] %s a style property during rerender (%s) when a conflicting property is set (%s) can lead to styling bugs. To avoid this, don't mix shorthand and non-shorthand properties for the same value; instead, replace the shorthand with separate values. Removing paddingLeft padding @ http://localhost:3000/node_modules/.vite/deps/react-dom_client.js?v=cd7f60e1:2259
[ 8057028ms] [WARNING] WebSocket connection to 'ws://localhost:8000/video-edit/v2/agent/googleio%20copy/chat' failed: WebSocket is closed before the connection is established. @ http://localhost:3000/src/hooks/useAgentChat.ts:186
[ 8077521ms] [ERROR] WebSocket connection to 'ws://localhost:8000/video-edit/v2/agent/googleio%20copy/chat' failed: Error in connection establishment: net::ERR_CONNECTION_REFUSED @ http://localhost:3000/src/hooks/useAgentChat.ts:32
[ 8078523ms] [ERROR] WebSocket connection to 'ws://localhost:8000/video-edit/v2/agent/googleio%20copy/chat' failed: Error in connection establishment: net::ERR_CONNECTION_REFUSED @ http://localhost:3000/src/hooks/useAgentChat.ts:32
[ 8115040ms] [ERROR] WebSocket connection to 'ws://localhost:8000/video-edit/v2/agent/googleio%20copy/chat' failed: Error in connection establishment: net::ERR_CONNECTION_REFUSED @ http://localhost:3000/src/hooks/useAgentChat.ts:32
[ 8116042ms] [ERROR] WebSocket connection to 'ws://localhost:8000/video-edit/v2/agent/googleio%20copy/chat' failed: Error in connection establishment: net::ERR_CONNECTION_REFUSED @ http://localhost:3000/src/hooks/useAgentChat.ts:32
[ 8286789ms] [ERROR] WebSocket connection to 'ws://localhost:8000/video-edit/v2/agent/googleio%20copy/chat' failed: Error in connection establishment: net::ERR_CONNECTION_REFUSED @ http://localhost:3000/src/hooks/useAgentChat.ts:32
[ 8287791ms] [ERROR] WebSocket connection to 'ws://localhost:8000/video-edit/v2/agent/googleio%20copy/chat' failed: Error in connection establishment: net::ERR_CONNECTION_REFUSED @ http://localhost:3000/src/hooks/useAgentChat.ts:32
[ 8289793ms] [ERROR] WebSocket connection to 'ws://localhost:8000/video-edit/v2/agent/googleio%20copy/chat' failed: Error in connection establishment: net::ERR_CONNECTION_REFUSED @ http://localhost:3000/src/hooks/useAgentChat.ts:32
[ 8291928ms] [WARNING] WebSocket connection to 'ws://localhost:8000/video-edit/v2/agent/googleio%20copy/chat' failed: WebSocket is closed before the connection is established. @ http://localhost:3000/src/hooks/useAgentChat.ts:186
[ 8310425ms] [WARNING] WebSocket connection to 'ws://localhost:8000/video-edit/v2/agent/googleio%20copy/chat' failed: WebSocket is closed before the connection is established. @ http://localhost:3000/src/hooks/useAgentChat.ts:186
[ 8318450ms] [WARNING] WebSocket connection to 'ws://localhost:8000/video-edit/v2/agent/googleio%20copy/chat' failed: WebSocket is closed before the connection is established. @ http://localhost:3000/src/hooks/useAgentChat.ts:186
[ 8714183ms] [ERROR] React has detected a change in the order of Hooks called by %s. This will lead to bugs and errors if not fixed. For more information, read the Rules of Hooks: https://react.dev/link/rules-of-hooks

   Previous render            Next render
   ------------------------------------------------------
%s   ^^^^^^^^^^^^^^^^^^^^^^^^^^^^^^^^^^^^^^^^^^^^^^^^^^^^^^
 App 1. useState                   useState
2. useState                   useState
3. useState                   useState
4. useState                   useState
5. useState                   useState
6. useState                   useState
7. useState                   useState
8. useState                   useState
9. useState                   useState
10. useRef                    useState
 @ http://localhost:3000/node_modules/.vite/deps/react-dom_client.js?v=cd7f60e1:5591
[ 8714187ms] Error: Should have a queue. You are likely calling Hooks conditionally, which is not allowed. (https://react.dev/link/invalid-hook-call)
    at updateReducerImpl (http://localhost:3000/node_modules/.vite/deps/react-dom_client.js?v=cd7f60e1:5890:17)
    at updateReducer (http://localhost:3000/node_modules/.vite/deps/react-dom_client.js?v=cd7f60e1:5885:16)
    at Object.useState (http://localhost:3000/node_modules/.vite/deps/react-dom_client.js?v=cd7f60e1:18994:20)
    at exports.useState (http://localhost:3000/node_modules/.vite/deps/chunk-BSNCPAQV.js?v=cd7f60e1:960:36)
    at useAgentChat (http://localhost:3000/src/hooks/useAgentChat.ts?t=1773211595649:26:27)
    at App (http://localhost:3000/src/App.tsx?t=1773211595649:22:17)
    at Object.react_stack_bottom_frame (http://localhost:3000/node_modules/.vite/deps/react-dom_client.js?v=cd7f60e1:18507:20)
    at renderWithHooks (http://localhost:3000/node_modules/.vite/deps/react-dom_client.js?v=cd7f60e1:5652:24)
    at updateFunctionComponent (http://localhost:3000/node_modules/.vite/deps/react-dom_client.js?v=cd7f60e1:7473:21)
    at beginWork (http://localhost:3000/node_modules/.vite/deps/react-dom_client.js?v=cd7f60e1:8523:20)
[ 8714186ms] [WARNING] %s

%s
 An error occurred in the <App> component. Consider adding an error boundary to your tree to customize error handling behavior.
Visit https://react.dev/link/error-boundaries to learn more about error boundaries. @ http://localhost:3000/node_modules/.vite/deps/react-dom_client.js?v=cd7f60e1:6963
[ 8718856ms] [WARNING] WebSocket connection to 'ws://localhost:8000/video-edit/v2/agent/googleio%20copy/chat' failed: WebSocket is closed before the connection is established. @ http://localhost:3000/src/hooks/useAgentChat.ts?t=1773211600325:195
[ 8804055ms] TypeError: Cannot read properties of undefined (reading 'comprehension')
    at http://localhost:3000/src/components/AgentChat.tsx?t=1773211685495:1137:46
    at Array.map (<anonymous>)
    at AgentChat (http://localhost:3000/src/components/AgentChat.tsx?t=1773211685495:1136:182)
    at Object.react_stack_bottom_frame (http://localhost:3000/node_modules/.vite/deps/react-dom_client.js?v=cd7f60e1:18507:20)
    at renderWithHooks (http://localhost:3000/node_modules/.vite/deps/react-dom_client.js?v=cd7f60e1:5652:24)
    at updateFunctionComponent (http://localhost:3000/node_modules/.vite/deps/react-dom_client.js?v=cd7f60e1:7473:21)
    at beginWork (http://localhost:3000/node_modules/.vite/deps/react-dom_client.js?v=cd7f60e1:8523:20)
    at runWithFiberInDEV (http://localhost:3000/node_modules/.vite/deps/react-dom_client.js?v=cd7f60e1:995:72)
    at performUnitOfWork (http://localhost:3000/node_modules/.vite/deps/react-dom_client.js?v=cd7f60e1:12559:98)
    at workLoopSync (http://localhost:3000/node_modules/.vite/deps/react-dom_client.js?v=cd7f60e1:12422:43)
[ 8804054ms] [WARNING] %s

%s
 An error occurred in the <AgentChat> component. Consider adding an error boundary to your tree to customize error handling behavior.
Visit https://react.dev/link/error-boundaries to learn more about error boundaries. @ http://localhost:3000/node_modules/.vite/deps/react-dom_client.js?v=cd7f60e1:6963
[ 8817415ms] [WARNING] WebSocket connection to 'ws://localhost:8000/video-edit/v2/agent/googleio%20copy/chat' failed: WebSocket is closed before the connection is established. @ http://localhost:3000/src/hooks/useAgentChat.ts?t=1773211615347:202
[ 9634590ms] [ERROR] WebSocket connection to 'ws://localhost:3000/?token=1bdgjf8wkPcx' failed:  @ http://localhost:3000/@vite/client:744
[ 9634590ms] [ERROR] WebSocket connection to 'ws://localhost:8000/video-edit/v2/agent/googleio%20copy/chat' failed:  @ http://localhost:3000/src/hooks/useAgentChat.ts?t=1773211615347:38
[ 9634742ms] [WARNING] WebSocket connection to 'ws://localhost:8000/video-edit/v2/agent/googleio%20copy/chat' failed: WebSocket is closed before the connection is established. @ http://localhost:3000/src/hooks/useAgentChat.ts?t=1773211615347:202
[ 9634753ms] [ERROR] Failed to load resource: the server responded with a status of 500 (Internal Server Error) @ http://localhost:3000/video-edit/v2/projects:0
[ 9634753ms] [ERROR] WebSocket connection to 'ws://localhost:8000/video-edit/v2/agent/googleio%20copy/chat' failed: Error in connection establishment: net::ERR_CONNECTION_REFUSED @ http://localhost:3000/src/hooks/useAgentChat.ts?t=1773211615347:38
[ 9634757ms] [ERROR] Failed to load resource: the server responded with a status of 500 (Internal Server Error) @ http://localhost:3000/video-edit/v2/projects:0
[ 9635256ms] [ERROR] WebSocket connection to 'ws://localhost:8000/video-edit/v2/agent/googleio%20copy/chat' failed: Error in connection establishment: net::ERR_CONNECTION_REFUSED @ http://localhost:3000/src/hooks/useAgentChat.ts?t=1773211615347:38
[ 9636258ms] [ERROR] WebSocket connection to 'ws://localhost:8000/video-edit/v2/agent/googleio%20copy/chat' failed: Error in connection establishment: net::ERR_CONNECTION_REFUSED @ http://localhost:3000/src/hooks/useAgentChat.ts?t=1773211615347:38
[ 9638260ms] [ERROR] WebSocket connection to 'ws://localhost:8000/video-edit/v2/agent/googleio%20copy/chat' failed: Error in connection establishment: net::ERR_CONNECTION_REFUSED @ http://localhost:3000/src/hooks/useAgentChat.ts?t=1773211615347:38
[ 9643692ms] [WARNING] WebSocket connection to 'ws://localhost:8000/video-edit/v2/agent/googleio%20copy/chat' failed: WebSocket is closed before the connection is established. @ http://localhost:3000/src/hooks/useAgentChat.ts?t=1773211615347:202
[ 9652572ms] [WARNING] WebSocket connection to 'ws://localhost:8000/video-edit/v2/agent/googleio%20copy/chat' failed: WebSocket is closed before the connection is established. @ http://localhost:3000/src/hooks/useAgentChat.ts?t=1773211615347:202
[ 9821081ms] [ERROR] WebSocket connection to 'ws://localhost:3000/?token=1bdgjf8wkPcx' failed:  @ http://localhost:3000/@vite/client:744
[ 9821081ms] [ERROR] WebSocket connection to 'ws://localhost:8000/video-edit/v2/agent/googleio%20copy/chat' failed:  @ http://localhost:3000/src/hooks/useAgentChat.ts?t=1773211615347:38
[ 9821232ms] [WARNING] WebSocket connection to 'ws://localhost:8000/video-edit/v2/agent/googleio%20copy/chat' failed: WebSocket is closed before the connection is established. @ http://localhost:3000/src/hooks/useAgentChat.ts?t=1773211615347:202
[ 9821238ms] [ERROR] Failed to load resource: the server responded with a status of 500 (Internal Server Error) @ http://localhost:3000/video-edit/v2/projects:0
[ 9821239ms] [ERROR] Failed to load resource: the server responded with a status of 500 (Internal Server Error) @ http://localhost:3000/video-edit/v2/projects:0
[ 9821244ms] [ERROR] WebSocket connection to 'ws://localhost:8000/video-edit/v2/agent/googleio%20copy/chat' failed: Error in connection establishment: net::ERR_CONNECTION_REFUSED @ http://localhost:3000/src/hooks/useAgentChat.ts?t=1773211615347:38
[ 9821746ms] [ERROR] WebSocket connection to 'ws://localhost:8000/video-edit/v2/agent/googleio%20copy/chat' failed: Error in connection establishment: net::ERR_CONNECTION_REFUSED @ http://localhost:3000/src/hooks/useAgentChat.ts?t=1773211615347:38
[ 9822750ms] [ERROR] WebSocket connection to 'ws://localhost:8000/video-edit/v2/agent/googleio%20copy/chat' failed: Error in connection establishment: net::ERR_CONNECTION_REFUSED @ http://localhost:3000/src/hooks/useAgentChat.ts?t=1773211615347:38
[ 9824753ms] [ERROR] WebSocket connection to 'ws://localhost:8000/video-edit/v2/agent/googleio%20copy/chat' failed: Error in connection establishment: net::ERR_CONNECTION_REFUSED @ http://localhost:3000/src/hooks/useAgentChat.ts?t=1773211615347:38
[ 9848441ms] [WARNING] WebSocket connection to 'ws://localhost:8000/video-edit/v2/agent/googleio%20copy/chat' failed: WebSocket is closed before the connection is established. @ http://localhost:3000/src/hooks/useAgentChat.ts?t=1773211615347:202
[ 9854629ms] [WARNING] WebSocket connection to 'ws://localhost:8000/video-edit/v2/agent/googleio%20copy/chat' failed: WebSocket is closed before the connection is established. @ http://localhost:3000/src/hooks/useAgentChat.ts?t=1773211615347:202
[ 9923859ms] [WARNING] WebSocket connection to 'ws://localhost:8000/video-edit/v2/agent/googleio%20copy/chat' failed: WebSocket is closed before the connection is established. @ http://localhost:3000/src/hooks/useAgentChat.ts?t=1773211615347:202
[ 9951755ms] [ERROR] WebSocket connection to 'ws://localhost:3000/?token=1bdgjf8wkPcx' failed:  @ http://localhost:3000/@vite/client:744
[ 9951755ms] [ERROR] WebSocket connection to 'ws://localhost:8000/video-edit/v2/agent/googleio%20copy/chat' failed:  @ http://localhost:3000/src/hooks/useAgentChat.ts?t=1773211615347:38
[ 9952263ms] [ERROR] WebSocket connection to 'ws://localhost:8000/video-edit/v2/agent/googleio%20copy/chat' failed: Error in connection establishment: net::ERR_CONNECTION_REFUSED @ http://localhost:3000/src/hooks/useAgentChat.ts?t=1773211615347:38
[ 9953267ms] [ERROR] WebSocket connection to 'ws://localhost:8000/video-edit/v2/agent/googleio%20copy/chat' failed: Error in connection establishment: net::ERR_CONNECTION_REFUSED @ http://localhost:3000/src/hooks/useAgentChat.ts?t=1773211615347:38
[ 9955276ms] [ERROR] WebSocket connection to 'ws://localhost:8000/video-edit/v2/agent/googleio%20copy/chat' failed: Error in connection establishment: net::ERR_CONNECTION_REFUSED @ http://localhost:3000/src/hooks/useAgentChat.ts?t=1773211615347:38
[ 9958387ms] [WARNING] WebSocket connection to 'ws://localhost:8000/video-edit/v2/agent/googleio%20copy/chat' failed: WebSocket is closed before the connection is established. @ http://localhost:3000/src/hooks/useAgentChat.ts:202
[ 9970259ms] [WARNING] WebSocket connection to 'ws://localhost:8000/video-edit/v2/agent/googleio%20copy/chat' failed: WebSocket is closed before the connection is established. @ http://localhost:3000/src/hooks/useAgentChat.ts:202
[10254678ms] [WARNING] WebSocket connection to 'ws://localhost:8000/video-edit/v2/agent/googleio%20copy/chat' failed: WebSocket is closed before the connection is established. @ http://localhost:3000/src/hooks/useAgentChat.ts:202
[10340954ms] [WARNING] WebSocket connection to 'ws://localhost:8000/video-edit/v2/agent/googleio%20copy/chat' failed: WebSocket is closed before the connection is established. @ http://localhost:3000/src/hooks/useAgentChat.ts:202
[10736334ms] [ERROR] WebSocket connection to 'ws://localhost:8000/video-edit/v2/agent/googleio%20copy/chat' failed: Error in connection establishment: net::ERR_CONNECTION_REFUSED @ http://localhost:3000/src/hooks/useAgentChat.ts:38
[10737337ms] [ERROR] WebSocket connection to 'ws://localhost:8000/video-edit/v2/agent/googleio%20copy/chat' failed: Error in connection establishment: net::ERR_CONNECTION_REFUSED @ http://localhost:3000/src/hooks/useAgentChat.ts:38
[10739339ms] [ERROR] WebSocket connection to 'ws://localhost:8000/video-edit/v2/agent/googleio%20copy/chat' failed: Error in connection establishment: net::ERR_CONNECTION_REFUSED @ http://localhost:3000/src/hooks/useAgentChat.ts:38
[10743340ms] [ERROR] WebSocket connection to 'ws://localhost:8000/video-edit/v2/agent/googleio%20copy/chat' failed: Error in connection establishment: net::ERR_CONNECTION_REFUSED @ http://localhost:3000/src/hooks/useAgentChat.ts:38
[10748409ms] [ERROR] %s a style property during rerender (%s) when a conflicting property is set (%s) can lead to styling bugs. To avoid this, don't mix shorthand and non-shorthand properties for the same value; instead, replace the shorthand with separate values. Removing paddingLeft padding @ http://localhost:3000/node_modules/.vite/deps/react-dom_client.js?v=cd7f60e1:2259
[10748409ms] [ERROR] %s a style property during rerender (%s) when a conflicting property is set (%s) can lead to styling bugs. To avoid this, don't mix shorthand and non-shorthand properties for the same value; instead, replace the shorthand with separate values. Removing paddingLeft padding @ http://localhost:3000/node_modules/.vite/deps/react-dom_client.js?v=cd7f60e1:2259
[10748409ms] [ERROR] %s a style property during rerender (%s) when a conflicting property is set (%s) can lead to styling bugs. To avoid this, don't mix shorthand and non-shorthand properties for the same value; instead, replace the shorthand with separate values. Removing paddingLeft padding @ http://localhost:3000/node_modules/.vite/deps/react-dom_client.js?v=cd7f60e1:2259
[10748409ms] [ERROR] %s a style property during rerender (%s) when a conflicting property is set (%s) can lead to styling bugs. To avoid this, don't mix shorthand and non-shorthand properties for the same value; instead, replace the shorthand with separate values. Removing paddingLeft padding @ http://localhost:3000/node_modules/.vite/deps/react-dom_client.js?v=cd7f60e1:2259
[10748409ms] [ERROR] %s a style property during rerender (%s) when a conflicting property is set (%s) can lead to styling bugs. To avoid this, don't mix shorthand and non-shorthand properties for the same value; instead, replace the shorthand with separate values. Removing paddingLeft padding @ http://localhost:3000/node_modules/.vite/deps/react-dom_client.js?v=cd7f60e1:2259
[10748410ms] [ERROR] %s a style property during rerender (%s) when a conflicting property is set (%s) can lead to styling bugs. To avoid this, don't mix shorthand and non-shorthand properties for the same value; instead, replace the shorthand with separate values. Removing paddingLeft padding @ http://localhost:3000/node_modules/.vite/deps/react-dom_client.js?v=cd7f60e1:2259
[10917873ms] [ERROR] WebSocket connection to 'ws://localhost:8000/video-edit/v2/agent/googleio%20copy/chat' failed: Error in connection establishment: net::ERR_CONNECTION_REFUSED @ http://localhost:3000/src/hooks/useAgentChat.ts:38
[10918876ms] [ERROR] WebSocket connection to 'ws://localhost:8000/video-edit/v2/agent/googleio%20copy/chat' failed: Error in connection establishment: net::ERR_CONNECTION_REFUSED @ http://localhost:3000/src/hooks/useAgentChat.ts:38
[10920880ms] [ERROR] WebSocket connection to 'ws://localhost:8000/video-edit/v2/agent/googleio%20copy/chat' failed: Error in connection establishment: net::ERR_CONNECTION_REFUSED @ http://localhost:3000/src/hooks/useAgentChat.ts:38
[10924883ms] [ERROR] WebSocket connection to 'ws://localhost:8000/video-edit/v2/agent/googleio%20copy/chat' failed: Error in connection establishment: net::ERR_CONNECTION_REFUSED @ http://localhost:3000/src/hooks/useAgentChat.ts:38
[10933442ms] [WARNING] WebSocket connection to 'ws://localhost:8000/video-edit/v2/agent/googleio%20copy/chat' failed: WebSocket is closed before the connection is established. @ http://localhost:3000/src/hooks/useAgentChat.ts:202
